mode: atomic
github.com/mmdemirbas/mutercim/cmd/gen-schema/main.go:13.13,15.16 2 0
github.com/mmdemirbas/mutercim/cmd/gen-schema/main.go:15.16,18.3 2 0
github.com/mmdemirbas/mutercim/cmd/gen-schema/main.go:20.2,21.16 2 0
github.com/mmdemirbas/mutercim/cmd/gen-schema/main.go:21.16,24.3 2 0
github.com/mmdemirbas/mutercim/cmd/gen-schema/main.go:26.2,27.55 2 0
github.com/mmdemirbas/mutercim/cmd/gen-schema/main.go:27.55,30.3 2 0
github.com/mmdemirbas/mutercim/cmd/gen-schema/main.go:31.2,31.32 1 0
github.com/mmdemirbas/mutercim/cmd/gen-schema/main.go:34.39,36.16 2 0
github.com/mmdemirbas/mutercim/cmd/gen-schema/main.go:36.16,38.3 1 0
github.com/mmdemirbas/mutercim/cmd/gen-schema/main.go:39.2,39.6 1 0
github.com/mmdemirbas/mutercim/cmd/gen-schema/main.go:39.6,40.66 1 0
github.com/mmdemirbas/mutercim/cmd/gen-schema/main.go:40.66,42.4 1 0
github.com/mmdemirbas/mutercim/cmd/gen-schema/main.go:43.3,44.20 2 0
github.com/mmdemirbas/mutercim/cmd/gen-schema/main.go:44.20,46.4 1 0
github.com/mmdemirbas/mutercim/cmd/gen-schema/main.go:47.3,47.15 1 0
github.com/mmdemirbas/mutercim/cmd/mutercim/main.go:5.13,7.2 1 0
github.com/mmdemirbas/mutercim/internal/cli/auto.go:33.80,34.11 1 11
github.com/mmdemirbas/mutercim/internal/cli/auto.go:35.16,36.36 1 2
github.com/mmdemirbas/mutercim/internal/cli/auto.go:37.19,38.39 1 0
github.com/mmdemirbas/mutercim/internal/cli/auto.go:39.16,40.25 1 0
github.com/mmdemirbas/mutercim/internal/cli/auto.go:40.25,42.4 1 0
github.com/mmdemirbas/mutercim/internal/cli/auto.go:43.3,43.36 1 0
github.com/mmdemirbas/mutercim/internal/cli/auto.go:44.17,45.37 1 2
github.com/mmdemirbas/mutercim/internal/cli/auto.go:46.18,47.38 1 2
github.com/mmdemirbas/mutercim/internal/cli/auto.go:48.22,49.48 1 5
github.com/mmdemirbas/mutercim/internal/cli/auto.go:49.48,50.61 1 7
github.com/mmdemirbas/mutercim/internal/cli/auto.go:50.61,52.5 1 2
github.com/mmdemirbas/mutercim/internal/cli/auto.go:54.3,54.15 1 3
github.com/mmdemirbas/mutercim/internal/cli/auto.go:55.10,56.15 1 0
github.com/mmdemirbas/mutercim/internal/cli/auto.go:61.37,64.2 2 16
github.com/mmdemirbas/mutercim/internal/cli/auto.go:68.158,71.42 2 0
github.com/mmdemirbas/mutercim/internal/cli/auto.go:71.42,72.34 1 0
github.com/mmdemirbas/mutercim/internal/cli/auto.go:72.34,74.9 2 0
github.com/mmdemirbas/mutercim/internal/cli/auto.go:78.2,78.31 1 0
github.com/mmdemirbas/mutercim/internal/cli/auto.go:78.31,80.3 1 0
github.com/mmdemirbas/mutercim/internal/cli/auto.go:82.2,85.54 3 0
github.com/mmdemirbas/mutercim/internal/cli/auto.go:85.54,86.52 1 0
github.com/mmdemirbas/mutercim/internal/cli/auto.go:86.52,88.4 1 0
github.com/mmdemirbas/mutercim/internal/cli/auto.go:90.3,93.18 2 0
github.com/mmdemirbas/mutercim/internal/cli/auto.go:93.18,95.4 1 0
github.com/mmdemirbas/mutercim/internal/cli/auto.go:98.2,98.60 1 0
github.com/mmdemirbas/mutercim/internal/cli/auto.go:98.60,99.28 1 0
github.com/mmdemirbas/mutercim/internal/cli/auto.go:99.28,101.4 1 0
github.com/mmdemirbas/mutercim/internal/cli/auto.go:101.9,105.19 2 0
github.com/mmdemirbas/mutercim/internal/cli/auto.go:105.19,107.5 1 0
github.com/mmdemirbas/mutercim/internal/cli/auto.go:111.2,111.54 1 0
github.com/mmdemirbas/mutercim/internal/cli/auto.go:111.54,112.25 1 0
github.com/mmdemirbas/mutercim/internal/cli/auto.go:112.25,114.4 1 0
github.com/mmdemirbas/mutercim/internal/cli/auto.go:114.9,117.22 3 0
github.com/mmdemirbas/mutercim/internal/cli/auto.go:117.22,119.5 1 0
github.com/mmdemirbas/mutercim/internal/cli/auto.go:120.4,123.19 1 0
github.com/mmdemirbas/mutercim/internal/cli/auto.go:123.19,125.5 1 0
github.com/mmdemirbas/mutercim/internal/cli/auto.go:129.2,129.56 1 0
github.com/mmdemirbas/mutercim/internal/cli/auto.go:129.56,131.17 2 0
github.com/mmdemirbas/mutercim/internal/cli/auto.go:131.17,133.4 1 0
github.com/mmdemirbas/mutercim/internal/cli/auto.go:134.3,141.17 4 0
github.com/mmdemirbas/mutercim/internal/cli/auto.go:141.17,143.4 1 0
github.com/mmdemirbas/mutercim/internal/cli/auto.go:144.3,144.23 1 0
github.com/mmdemirbas/mutercim/internal/cli/auto.go:144.23,146.4 1 0
github.com/mmdemirbas/mutercim/internal/cli/auto.go:149.2,149.58 1 0
github.com/mmdemirbas/mutercim/internal/cli/auto.go:149.58,151.17 2 0
github.com/mmdemirbas/mutercim/internal/cli/auto.go:151.17,153.4 1 0
github.com/mmdemirbas/mutercim/internal/cli/auto.go:155.3,162.17 4 0
github.com/mmdemirbas/mutercim/internal/cli/auto.go:162.17,164.4 1 0
github.com/mmdemirbas/mutercim/internal/cli/auto.go:165.3,165.23 1 0
github.com/mmdemirbas/mutercim/internal/cli/auto.go:165.23,167.4 1 0
github.com/mmdemirbas/mutercim/internal/cli/auto.go:170.2,170.66 1 0
github.com/mmdemirbas/mutercim/internal/cli/auto.go:170.66,172.17 2 0
github.com/mmdemirbas/mutercim/internal/cli/auto.go:172.17,174.4 1 0
github.com/mmdemirbas/mutercim/internal/cli/auto.go:176.3,177.17 2 0
github.com/mmdemirbas/mutercim/internal/cli/auto.go:177.17,179.4 1 0
github.com/mmdemirbas/mutercim/internal/cli/auto.go:180.3,187.17 4 0
github.com/mmdemirbas/mutercim/internal/cli/auto.go:187.17,189.4 1 0
github.com/mmdemirbas/mutercim/internal/cli/auto.go:190.3,190.23 1 0
github.com/mmdemirbas/mutercim/internal/cli/auto.go:190.23,192.4 1 0
github.com/mmdemirbas/mutercim/internal/cli/auto.go:195.2,195.12 1 0
github.com/mmdemirbas/mutercim/internal/cli/auto.go:199.32,200.11 1 6
github.com/mmdemirbas/mutercim/internal/cli/auto.go:201.16,202.15 1 1
github.com/mmdemirbas/mutercim/internal/cli/auto.go:203.19,204.18 1 0
github.com/mmdemirbas/mutercim/internal/cli/auto.go:205.16,206.15 1 0
github.com/mmdemirbas/mutercim/internal/cli/auto.go:207.17,208.16 1 1
github.com/mmdemirbas/mutercim/internal/cli/auto.go:209.18,210.17 1 1
github.com/mmdemirbas/mutercim/internal/cli/auto.go:211.22,212.21 1 1
github.com/mmdemirbas/mutercim/internal/cli/auto.go:213.18,214.17 1 1
github.com/mmdemirbas/mutercim/internal/cli/auto.go:215.10,216.19 1 1
github.com/mmdemirbas/mutercim/internal/cli/clean.go:20.61,21.15 1 2
github.com/mmdemirbas/mutercim/internal/cli/clean.go:22.13,23.12 1 0
github.com/mmdemirbas/mutercim/internal/cli/clean.go:24.16,25.24 1 0
github.com/mmdemirbas/mutercim/internal/cli/clean.go:26.13,27.21 1 0
github.com/mmdemirbas/mutercim/internal/cli/clean.go:28.16,29.24 1 0
github.com/mmdemirbas/mutercim/internal/cli/clean.go:30.13,31.21 1 0
github.com/mmdemirbas/mutercim/internal/cli/clean.go:32.14,33.22 1 0
github.com/mmdemirbas/mutercim/internal/cli/clean.go:34.15,35.23 1 0
github.com/mmdemirbas/mutercim/internal/cli/clean.go:36.19,37.27 1 0
github.com/mmdemirbas/mutercim/internal/cli/clean.go:38.15,39.23 1 0
github.com/mmdemirbas/mutercim/internal/cli/clean.go:40.10,41.12 1 2
github.com/mmdemirbas/mutercim/internal/cli/clean.go:47.53,51.27 3 14
github.com/mmdemirbas/mutercim/internal/cli/clean.go:51.27,52.19 1 18
github.com/mmdemirbas/mutercim/internal/cli/clean.go:52.19,54.4 1 2
github.com/mmdemirbas/mutercim/internal/cli/clean.go:56.3,60.14 4 16
github.com/mmdemirbas/mutercim/internal/cli/clean.go:60.14,62.4 1 1
github.com/mmdemirbas/mutercim/internal/cli/clean.go:64.3,65.15 2 15
github.com/mmdemirbas/mutercim/internal/cli/clean.go:65.15,67.4 1 6
github.com/mmdemirbas/mutercim/internal/cli/clean.go:69.3,69.28 1 15
github.com/mmdemirbas/mutercim/internal/cli/clean.go:69.28,70.16 1 47
github.com/mmdemirbas/mutercim/internal/cli/clean.go:70.16,73.5 2 45
github.com/mmdemirbas/mutercim/internal/cli/clean.go:76.2,76.20 1 11
github.com/mmdemirbas/mutercim/internal/cli/clean.go:80.34,81.36 1 21
github.com/mmdemirbas/mutercim/internal/cli/clean.go:81.36,82.16 1 121
github.com/mmdemirbas/mutercim/internal/cli/clean.go:82.16,84.4 1 19
github.com/mmdemirbas/mutercim/internal/cli/clean.go:86.2,86.11 1 2
github.com/mmdemirbas/mutercim/internal/cli/clean.go:90.33,93.16 3 0
github.com/mmdemirbas/mutercim/internal/cli/clean.go:93.16,95.3 1 0
github.com/mmdemirbas/mutercim/internal/cli/clean.go:96.2,96.28 1 0
github.com/mmdemirbas/mutercim/internal/cli/clean.go:96.28,98.17 2 0
github.com/mmdemirbas/mutercim/internal/cli/clean.go:98.17,99.12 1 0
github.com/mmdemirbas/mutercim/internal/cli/clean.go:101.3,101.16 1 0
github.com/mmdemirbas/mutercim/internal/cli/clean.go:101.16,103.4 1 0
github.com/mmdemirbas/mutercim/internal/cli/clean.go:103.9,105.4 1 0
github.com/mmdemirbas/mutercim/internal/cli/clean.go:107.2,107.14 1 0
github.com/mmdemirbas/mutercim/internal/cli/clean.go:111.32,113.16 2 0
github.com/mmdemirbas/mutercim/internal/cli/clean.go:113.16,115.3 1 0
github.com/mmdemirbas/mutercim/internal/cli/clean.go:116.2,116.23 1 0
github.com/mmdemirbas/mutercim/internal/cli/clean.go:116.23,118.3 1 0
github.com/mmdemirbas/mutercim/internal/cli/clean.go:122.37,123.16 1 0
github.com/mmdemirbas/mutercim/internal/cli/clean.go:123.16,125.3 1 0
github.com/mmdemirbas/mutercim/internal/cli/clean.go:126.2,126.18 1 0
github.com/mmdemirbas/mutercim/internal/cli/clean.go:126.18,128.3 1 0
github.com/mmdemirbas/mutercim/internal/cli/clean.go:129.2,129.23 1 0
github.com/mmdemirbas/mutercim/internal/cli/clean.go:129.23,131.3 1 0
github.com/mmdemirbas/mutercim/internal/cli/clean.go:132.2,132.59 1 0
github.com/mmdemirbas/mutercim/internal/cli/clean.go:135.35,154.55 1 1
github.com/mmdemirbas/mutercim/internal/cli/clean.go:154.55,155.63 1 0
github.com/mmdemirbas/mutercim/internal/cli/clean.go:155.63,157.5 1 0
github.com/mmdemirbas/mutercim/internal/cli/clean.go:158.4,159.18 2 0
github.com/mmdemirbas/mutercim/internal/cli/clean.go:159.18,161.5 1 0
github.com/mmdemirbas/mutercim/internal/cli/clean.go:163.4,164.24 2 0
github.com/mmdemirbas/mutercim/internal/cli/clean.go:164.24,166.5 1 0
github.com/mmdemirbas/mutercim/internal/cli/clean.go:167.4,168.18 2 0
github.com/mmdemirbas/mutercim/internal/cli/clean.go:168.18,170.5 1 0
github.com/mmdemirbas/mutercim/internal/cli/clean.go:171.4,174.18 3 0
github.com/mmdemirbas/mutercim/internal/cli/clean.go:174.18,176.5 1 0
github.com/mmdemirbas/mutercim/internal/cli/clean.go:179.4,181.33 3 0
github.com/mmdemirbas/mutercim/internal/cli/clean.go:181.33,182.23 1 0
github.com/mmdemirbas/mutercim/internal/cli/clean.go:182.23,184.6 1 0
github.com/mmdemirbas/mutercim/internal/cli/clean.go:184.11,186.6 1 0
github.com/mmdemirbas/mutercim/internal/cli/clean.go:190.4,196.36 3 0
github.com/mmdemirbas/mutercim/internal/cli/clean.go:196.36,198.18 2 0
github.com/mmdemirbas/mutercim/internal/cli/clean.go:198.18,199.14 1 0
github.com/mmdemirbas/mutercim/internal/cli/clean.go:201.5,201.51 1 0
github.com/mmdemirbas/mutercim/internal/cli/clean.go:201.51,202.14 1 0
github.com/mmdemirbas/mutercim/internal/cli/clean.go:204.5,204.82 1 0
github.com/mmdemirbas/mutercim/internal/cli/clean.go:208.4,209.16 2 0
github.com/mmdemirbas/mutercim/internal/cli/clean.go:209.16,210.55 1 0
github.com/mmdemirbas/mutercim/internal/cli/clean.go:210.55,212.6 1 0
github.com/mmdemirbas/mutercim/internal/cli/clean.go:212.11,214.6 1 0
github.com/mmdemirbas/mutercim/internal/cli/clean.go:217.4,217.38 1 0
github.com/mmdemirbas/mutercim/internal/cli/clean.go:217.38,220.5 2 0
github.com/mmdemirbas/mutercim/internal/cli/clean.go:222.4,225.16 2 0
github.com/mmdemirbas/mutercim/internal/cli/clean.go:225.16,227.5 1 0
github.com/mmdemirbas/mutercim/internal/cli/clean.go:228.4,228.30 1 0
github.com/mmdemirbas/mutercim/internal/cli/clean.go:228.30,230.5 1 0
github.com/mmdemirbas/mutercim/internal/cli/clean.go:233.4,233.16 1 0
github.com/mmdemirbas/mutercim/internal/cli/clean.go:233.16,235.5 1 0
github.com/mmdemirbas/mutercim/internal/cli/clean.go:238.4,238.30 1 0
github.com/mmdemirbas/mutercim/internal/cli/clean.go:238.30,239.47 1 0
github.com/mmdemirbas/mutercim/internal/cli/clean.go:239.47,241.6 1 0
github.com/mmdemirbas/mutercim/internal/cli/clean.go:245.4,245.31 1 0
github.com/mmdemirbas/mutercim/internal/cli/clean.go:245.31,247.5 1 0
github.com/mmdemirbas/mutercim/internal/cli/clean.go:249.4,250.16 2 0
github.com/mmdemirbas/mutercim/internal/cli/clean.go:250.16,252.5 1 0
github.com/mmdemirbas/mutercim/internal/cli/clean.go:253.4,254.14 2 0
github.com/mmdemirbas/mutercim/internal/cli/completion.go:13.62,31.2 6 1
github.com/mmdemirbas/mutercim/internal/cli/completion.go:33.79,37.55 1 3
github.com/mmdemirbas/mutercim/internal/cli/completion.go:37.55,38.17 1 0
github.com/mmdemirbas/mutercim/internal/cli/completion.go:39.16,40.48 1 0
github.com/mmdemirbas/mutercim/internal/cli/completion.go:41.15,42.47 1 0
github.com/mmdemirbas/mutercim/internal/cli/completion.go:43.16,44.54 1 0
github.com/mmdemirbas/mutercim/internal/cli/completion.go:45.12,46.54 1 0
github.com/mmdemirbas/mutercim/internal/cli/completion.go:52.69,62.55 1 1
github.com/mmdemirbas/mutercim/internal/cli/completion.go:62.55,64.19 2 0
github.com/mmdemirbas/mutercim/internal/cli/completion.go:64.19,66.5 1 0
github.com/mmdemirbas/mutercim/internal/cli/completion.go:67.4,67.44 1 0
github.com/mmdemirbas/mutercim/internal/cli/completion.go:73.27,75.15 2 0
github.com/mmdemirbas/mutercim/internal/cli/completion.go:76.29,77.15 1 0
github.com/mmdemirbas/mutercim/internal/cli/completion.go:78.10,79.12 1 0
github.com/mmdemirbas/mutercim/internal/cli/completion.go:83.68,87.15 3 0
github.com/mmdemirbas/mutercim/internal/cli/completion.go:88.13,89.39 1 0
github.com/mmdemirbas/mutercim/internal/cli/completion.go:90.14,91.40 1 0
github.com/mmdemirbas/mutercim/internal/cli/completion.go:92.14,93.46 1 0
github.com/mmdemirbas/mutercim/internal/cli/completion.go:94.10,95.52 1 0
github.com/mmdemirbas/mutercim/internal/cli/completion.go:97.2,97.16 1 0
github.com/mmdemirbas/mutercim/internal/cli/completion.go:97.16,99.3 1 0
github.com/mmdemirbas/mutercim/internal/cli/completion.go:101.2,102.16 2 0
github.com/mmdemirbas/mutercim/internal/cli/completion.go:102.16,104.3 1 0
github.com/mmdemirbas/mutercim/internal/cli/completion.go:106.2,109.15 3 0
github.com/mmdemirbas/mutercim/internal/cli/completion.go:110.13,112.48 2 0
github.com/mmdemirbas/mutercim/internal/cli/completion.go:112.48,114.4 1 0
github.com/mmdemirbas/mutercim/internal/cli/completion.go:115.3,116.171 2 0
github.com/mmdemirbas/mutercim/internal/cli/completion.go:118.14,120.48 2 0
github.com/mmdemirbas/mutercim/internal/cli/completion.go:120.48,122.4 1 0
github.com/mmdemirbas/mutercim/internal/cli/completion.go:123.3,124.64 2 0
github.com/mmdemirbas/mutercim/internal/cli/completion.go:126.14,128.48 2 0
github.com/mmdemirbas/mutercim/internal/cli/completion.go:128.48,130.4 1 0
github.com/mmdemirbas/mutercim/internal/cli/completion.go:131.3,132.80 2 0
github.com/mmdemirbas/mutercim/internal/cli/completion.go:135.2,135.66 1 0
github.com/mmdemirbas/mutercim/internal/cli/completion.go:135.66,137.3 1 0
github.com/mmdemirbas/mutercim/internal/cli/completion.go:139.2,140.56 2 0
github.com/mmdemirbas/mutercim/internal/cli/completion.go:140.56,142.3 1 0
github.com/mmdemirbas/mutercim/internal/cli/completion.go:143.2,143.12 1 0
github.com/mmdemirbas/mutercim/internal/cli/config_cmd.go:13.36,19.55 2 1
github.com/mmdemirbas/mutercim/internal/cli/config_cmd.go:19.55,21.18 2 0
github.com/mmdemirbas/mutercim/internal/cli/config_cmd.go:21.18,23.5 1 0
github.com/mmdemirbas/mutercim/internal/cli/config_cmd.go:25.4,26.18 2 0
github.com/mmdemirbas/mutercim/internal/cli/config_cmd.go:27.16,28.50 1 0
github.com/mmdemirbas/mutercim/internal/cli/config_cmd.go:29.16,34.23 5 0
github.com/mmdemirbas/mutercim/internal/cli/config_cmd.go:35.12,36.74 1 0
github.com/mmdemirbas/mutercim/internal/cli/config_cmd.go:38.4,38.18 1 0
github.com/mmdemirbas/mutercim/internal/cli/config_cmd.go:38.18,40.5 1 0
github.com/mmdemirbas/mutercim/internal/cli/config_cmd.go:42.4,43.24 2 0
github.com/mmdemirbas/mutercim/internal/cli/config_cmd.go:43.24,45.5 1 0
github.com/mmdemirbas/mutercim/internal/cli/config_cmd.go:46.4,46.14 1 0
github.com/mmdemirbas/mutercim/internal/cli/config_cmd.go:50.2,51.12 2 1
github.com/mmdemirbas/mutercim/internal/cli/cut.go:16.33,23.55 2 1
github.com/mmdemirbas/mutercim/internal/cli/cut.go:23.55,25.18 2 0
github.com/mmdemirbas/mutercim/internal/cli/cut.go:25.18,27.5 1 0
github.com/mmdemirbas/mutercim/internal/cli/cut.go:29.4,30.24 2 0
github.com/mmdemirbas/mutercim/internal/cli/cut.go:30.24,32.5 1 0
github.com/mmdemirbas/mutercim/internal/cli/cut.go:33.4,34.18 2 0
github.com/mmdemirbas/mutercim/internal/cli/cut.go:34.18,36.5 1 0
github.com/mmdemirbas/mutercim/internal/cli/cut.go:37.4,39.15 2 0
github.com/mmdemirbas/mutercim/internal/cli/cut.go:39.15,41.5 1 0
github.com/mmdemirbas/mutercim/internal/cli/cut.go:44.4,44.35 1 0
github.com/mmdemirbas/mutercim/internal/cli/cut.go:44.35,46.31 2 0
github.com/mmdemirbas/mutercim/internal/cli/cut.go:46.31,47.65 1 0
github.com/mmdemirbas/mutercim/internal/cli/cut.go:47.65,49.7 1 0
github.com/mmdemirbas/mutercim/internal/cli/cut.go:50.6,50.11 1 0
github.com/mmdemirbas/mutercim/internal/cli/cut.go:55.4,58.43 3 0
github.com/mmdemirbas/mutercim/internal/cli/cut.go:58.43,60.19 2 0
github.com/mmdemirbas/mutercim/internal/cli/cut.go:60.19,62.6 1 0
github.com/mmdemirbas/mutercim/internal/cli/cut.go:63.5,64.19 2 0
github.com/mmdemirbas/mutercim/internal/cli/cut.go:64.19,66.6 1 0
github.com/mmdemirbas/mutercim/internal/cli/cut.go:69.4,78.6 2 0
github.com/mmdemirbas/mutercim/internal/cli/cut.go:82.2,84.12 2 1
github.com/mmdemirbas/mutercim/internal/cli/formats.go:16.55,19.24 3 11
github.com/mmdemirbas/mutercim/internal/cli/formats.go:19.24,21.10 2 16
github.com/mmdemirbas/mutercim/internal/cli/formats.go:21.10,23.4 1 1
github.com/mmdemirbas/mutercim/internal/cli/formats.go:24.3,24.23 1 15
github.com/mmdemirbas/mutercim/internal/cli/formats.go:24.23,27.4 2 14
github.com/mmdemirbas/mutercim/internal/cli/formats.go:29.2,29.20 1 10
github.com/mmdemirbas/mutercim/internal/cli/init.go:19.34,32.2 5 1
github.com/mmdemirbas/mutercim/internal/cli/init.go:34.55,40.25 2 0
github.com/mmdemirbas/mutercim/internal/cli/init.go:40.25,46.46 4 0
github.com/mmdemirbas/mutercim/internal/cli/init.go:46.46,48.4 1 0
github.com/mmdemirbas/mutercim/internal/cli/init.go:50.3,52.46 3 0
github.com/mmdemirbas/mutercim/internal/cli/init.go:52.46,54.4 1 0
github.com/mmdemirbas/mutercim/internal/cli/init.go:57.2,58.16 2 0
github.com/mmdemirbas/mutercim/internal/cli/init.go:58.16,60.3 1 0
github.com/mmdemirbas/mutercim/internal/cli/init.go:62.2,67.12 6 0
github.com/mmdemirbas/mutercim/internal/cli/layout.go:16.36,26.55 2 1
github.com/mmdemirbas/mutercim/internal/cli/layout.go:26.55,28.18 2 0
github.com/mmdemirbas/mutercim/internal/cli/layout.go:28.18,30.5 1 0
github.com/mmdemirbas/mutercim/internal/cli/layout.go:32.4,33.24 2 0
github.com/mmdemirbas/mutercim/internal/cli/layout.go:33.24,35.5 1 0
github.com/mmdemirbas/mutercim/internal/cli/layout.go:36.4,37.18 2 0
github.com/mmdemirbas/mutercim/internal/cli/layout.go:37.18,39.5 1 0
github.com/mmdemirbas/mutercim/internal/cli/layout.go:40.4,42.24 2 0
github.com/mmdemirbas/mutercim/internal/cli/layout.go:42.24,44.5 1 0
github.com/mmdemirbas/mutercim/internal/cli/layout.go:45.4,45.36 1 0
github.com/mmdemirbas/mutercim/internal/cli/layout.go:45.36,47.5 1 0
github.com/mmdemirbas/mutercim/internal/cli/layout.go:50.4,50.63 1 0
github.com/mmdemirbas/mutercim/internal/cli/layout.go:50.63,52.5 1 0
github.com/mmdemirbas/mutercim/internal/cli/layout.go:55.4,58.43 3 0
github.com/mmdemirbas/mutercim/internal/cli/layout.go:58.43,60.19 2 0
github.com/mmdemirbas/mutercim/internal/cli/layout.go:60.19,62.6 1 0
github.com/mmdemirbas/mutercim/internal/cli/layout.go:63.5,64.19 2 0
github.com/mmdemirbas/mutercim/internal/cli/layout.go:64.19,66.6 1 0
github.com/mmdemirbas/mutercim/internal/cli/layout.go:70.4,70.12 1 0
github.com/mmdemirbas/mutercim/internal/cli/layout.go:70.12,71.133 1 0
github.com/mmdemirbas/mutercim/internal/cli/layout.go:71.133,73.6 1 0
github.com/mmdemirbas/mutercim/internal/cli/layout.go:76.4,86.14 3 0
github.com/mmdemirbas/mutercim/internal/cli/layout.go:90.2,93.12 3 1
github.com/mmdemirbas/mutercim/internal/cli/make.go:22.33,28.55 1 1
github.com/mmdemirbas/mutercim/internal/cli/make.go:28.55,30.18 2 0
github.com/mmdemirbas/mutercim/internal/cli/make.go:30.18,32.5 1 0
github.com/mmdemirbas/mutercim/internal/cli/make.go:34.4,35.24 2 0
github.com/mmdemirbas/mutercim/internal/cli/make.go:35.24,37.5 1 0
github.com/mmdemirbas/mutercim/internal/cli/make.go:38.4,39.18 2 0
github.com/mmdemirbas/mutercim/internal/cli/make.go:39.18,41.5 1 0
github.com/mmdemirbas/mutercim/internal/cli/make.go:43.4,46.21 2 0
github.com/mmdemirbas/mutercim/internal/cli/make.go:46.21,48.19 2 0
github.com/mmdemirbas/mutercim/internal/cli/make.go:48.19,50.6 1 0
github.com/mmdemirbas/mutercim/internal/cli/make.go:51.5,51.29 1 0
github.com/mmdemirbas/mutercim/internal/cli/make.go:55.4,55.63 1 0
github.com/mmdemirbas/mutercim/internal/cli/make.go:55.63,57.5 1 0
github.com/mmdemirbas/mutercim/internal/cli/make.go:58.4,60.19 3 0
github.com/mmdemirbas/mutercim/internal/cli/make.go:60.19,62.5 1 0
github.com/mmdemirbas/mutercim/internal/cli/make.go:65.4,68.19 2 0
github.com/mmdemirbas/mutercim/internal/cli/make.go:68.19,77.5 1 0
github.com/mmdemirbas/mutercim/internal/cli/make.go:78.4,79.43 2 0
github.com/mmdemirbas/mutercim/internal/cli/make.go:79.43,81.19 2 0
github.com/mmdemirbas/mutercim/internal/cli/make.go:81.19,83.6 1 0
github.com/mmdemirbas/mutercim/internal/cli/make.go:84.5,85.19 2 0
github.com/mmdemirbas/mutercim/internal/cli/make.go:85.19,87.6 1 0
github.com/mmdemirbas/mutercim/internal/cli/make.go:91.4,99.19 2 0
github.com/mmdemirbas/mutercim/internal/cli/make.go:99.19,101.5 1 0
github.com/mmdemirbas/mutercim/internal/cli/make.go:104.4,104.29 1 0
github.com/mmdemirbas/mutercim/internal/cli/make.go:104.29,106.5 1 0
github.com/mmdemirbas/mutercim/internal/cli/make.go:106.10,115.20 2 0
github.com/mmdemirbas/mutercim/internal/cli/make.go:115.20,117.6 1 0
github.com/mmdemirbas/mutercim/internal/cli/make.go:121.4,122.26 2 0
github.com/mmdemirbas/mutercim/internal/cli/make.go:122.26,124.5 1 0
github.com/mmdemirbas/mutercim/internal/cli/make.go:124.10,127.23 3 0
github.com/mmdemirbas/mutercim/internal/cli/make.go:127.23,129.6 1 0
github.com/mmdemirbas/mutercim/internal/cli/make.go:130.5,138.20 1 0
github.com/mmdemirbas/mutercim/internal/cli/make.go:138.20,140.6 1 0
github.com/mmdemirbas/mutercim/internal/cli/make.go:144.4,146.18 3 0
github.com/mmdemirbas/mutercim/internal/cli/make.go:146.18,148.5 1 0
github.com/mmdemirbas/mutercim/internal/cli/make.go:149.4,160.18 3 0
github.com/mmdemirbas/mutercim/internal/cli/make.go:160.18,162.5 1 0
github.com/mmdemirbas/mutercim/internal/cli/make.go:163.4,163.28 1 0
github.com/mmdemirbas/mutercim/internal/cli/make.go:163.28,166.5 2 0
github.com/mmdemirbas/mutercim/internal/cli/make.go:169.4,171.18 3 0
github.com/mmdemirbas/mutercim/internal/cli/make.go:171.18,173.5 1 0
github.com/mmdemirbas/mutercim/internal/cli/make.go:175.4,187.18 3 0
github.com/mmdemirbas/mutercim/internal/cli/make.go:187.18,189.5 1 0
github.com/mmdemirbas/mutercim/internal/cli/make.go:190.4,190.29 1 0
github.com/mmdemirbas/mutercim/internal/cli/make.go:190.29,193.5 2 0
github.com/mmdemirbas/mutercim/internal/cli/make.go:196.4,198.18 3 0
github.com/mmdemirbas/mutercim/internal/cli/make.go:198.18,200.5 1 0
github.com/mmdemirbas/mutercim/internal/cli/make.go:201.4,213.18 3 0
github.com/mmdemirbas/mutercim/internal/cli/make.go:213.18,215.5 1 0
github.com/mmdemirbas/mutercim/internal/cli/make.go:216.4,216.33 1 0
github.com/mmdemirbas/mutercim/internal/cli/make.go:216.33,219.5 2 0
github.com/mmdemirbas/mutercim/internal/cli/make.go:222.4,230.19 2 0
github.com/mmdemirbas/mutercim/internal/cli/make.go:230.19,232.5 1 0
github.com/mmdemirbas/mutercim/internal/cli/make.go:235.4,235.22 1 0
github.com/mmdemirbas/mutercim/internal/cli/make.go:235.22,236.55 1 0
github.com/mmdemirbas/mutercim/internal/cli/make.go:236.55,238.6 1 0
github.com/mmdemirbas/mutercim/internal/cli/make.go:241.4,252.14 10 0
github.com/mmdemirbas/mutercim/internal/cli/make.go:258.66,268.27 3 0
github.com/mmdemirbas/mutercim/internal/cli/make.go:268.27,270.33 2 0
github.com/mmdemirbas/mutercim/internal/cli/make.go:270.33,272.40 2 0
github.com/mmdemirbas/mutercim/internal/cli/make.go:272.40,274.5 1 0
github.com/mmdemirbas/mutercim/internal/cli/make.go:275.4,276.56 2 0
github.com/mmdemirbas/mutercim/internal/cli/make.go:278.3,281.5 1 0
github.com/mmdemirbas/mutercim/internal/cli/make.go:285.2,285.24 1 0
github.com/mmdemirbas/mutercim/internal/cli/make.go:285.24,290.3 1 0
github.com/mmdemirbas/mutercim/internal/cli/make.go:293.2,294.36 2 0
github.com/mmdemirbas/mutercim/internal/cli/make.go:294.36,296.3 1 0
github.com/mmdemirbas/mutercim/internal/cli/make.go:297.2,304.41 3 0
github.com/mmdemirbas/mutercim/internal/cli/make.go:304.41,306.3 1 0
github.com/mmdemirbas/mutercim/internal/cli/make.go:307.2,320.16 4 0
github.com/mmdemirbas/mutercim/internal/cli/make.go:323.108,325.23 2 0
github.com/mmdemirbas/mutercim/internal/cli/make.go:325.23,327.3 1 0
github.com/mmdemirbas/mutercim/internal/cli/make.go:328.2,328.63 1 0
github.com/mmdemirbas/mutercim/internal/cli/ocr.go:17.33,22.55 1 1
github.com/mmdemirbas/mutercim/internal/cli/ocr.go:22.55,24.18 2 0
github.com/mmdemirbas/mutercim/internal/cli/ocr.go:24.18,26.5 1 0
github.com/mmdemirbas/mutercim/internal/cli/ocr.go:28.4,29.24 2 0
github.com/mmdemirbas/mutercim/internal/cli/ocr.go:29.24,31.5 1 0
github.com/mmdemirbas/mutercim/internal/cli/ocr.go:32.4,33.18 2 0
github.com/mmdemirbas/mutercim/internal/cli/ocr.go:33.18,35.5 1 0
github.com/mmdemirbas/mutercim/internal/cli/ocr.go:36.4,38.26 2 0
github.com/mmdemirbas/mutercim/internal/cli/ocr.go:38.26,41.5 2 0
github.com/mmdemirbas/mutercim/internal/cli/ocr.go:44.4,44.63 1 0
github.com/mmdemirbas/mutercim/internal/cli/ocr.go:44.63,46.5 1 0
github.com/mmdemirbas/mutercim/internal/cli/ocr.go:49.4,52.43 3 0
github.com/mmdemirbas/mutercim/internal/cli/ocr.go:52.43,54.19 2 0
github.com/mmdemirbas/mutercim/internal/cli/ocr.go:54.19,56.6 1 0
github.com/mmdemirbas/mutercim/internal/cli/ocr.go:57.5,58.19 2 0
github.com/mmdemirbas/mutercim/internal/cli/ocr.go:58.19,60.6 1 0
github.com/mmdemirbas/mutercim/internal/cli/ocr.go:64.4,64.12 1 0
github.com/mmdemirbas/mutercim/internal/cli/ocr.go:64.12,65.130 1 0
github.com/mmdemirbas/mutercim/internal/cli/ocr.go:65.130,67.6 1 0
github.com/mmdemirbas/mutercim/internal/cli/ocr.go:70.4,74.19 3 0
github.com/mmdemirbas/mutercim/internal/cli/ocr.go:74.19,76.5 1 0
github.com/mmdemirbas/mutercim/internal/cli/ocr.go:77.4,86.14 2 0
github.com/mmdemirbas/mutercim/internal/cli/ocr.go:90.2,90.12 1 1
github.com/mmdemirbas/mutercim/internal/cli/read.go:20.34,31.55 2 1
github.com/mmdemirbas/mutercim/internal/cli/read.go:31.55,33.18 2 0
github.com/mmdemirbas/mutercim/internal/cli/read.go:33.18,35.5 1 0
github.com/mmdemirbas/mutercim/internal/cli/read.go:37.4,38.24 2 0
github.com/mmdemirbas/mutercim/internal/cli/read.go:38.24,40.5 1 0
github.com/mmdemirbas/mutercim/internal/cli/read.go:41.4,42.18 2 0
github.com/mmdemirbas/mutercim/internal/cli/read.go:42.18,44.5 1 0
github.com/mmdemirbas/mutercim/internal/cli/read.go:45.4,48.45 2 0
github.com/mmdemirbas/mutercim/internal/cli/read.go:48.45,50.44 2 0
github.com/mmdemirbas/mutercim/internal/cli/read.go:50.44,52.6 1 0
github.com/mmdemirbas/mutercim/internal/cli/read.go:53.5,54.44 2 0
github.com/mmdemirbas/mutercim/internal/cli/read.go:54.44,56.6 1 0
github.com/mmdemirbas/mutercim/internal/cli/read.go:57.5,57.66 1 0
github.com/mmdemirbas/mutercim/internal/cli/read.go:59.4,59.23 1 0
github.com/mmdemirbas/mutercim/internal/cli/read.go:59.23,61.5 1 0
github.com/mmdemirbas/mutercim/internal/cli/read.go:63.4,66.18 3 0
github.com/mmdemirbas/mutercim/internal/cli/read.go:66.18,68.5 1 0
github.com/mmdemirbas/mutercim/internal/cli/read.go:69.4,75.43 4 0
github.com/mmdemirbas/mutercim/internal/cli/read.go:75.43,77.19 2 0
github.com/mmdemirbas/mutercim/internal/cli/read.go:77.19,79.6 1 0
github.com/mmdemirbas/mutercim/internal/cli/read.go:80.5,81.19 2 0
github.com/mmdemirbas/mutercim/internal/cli/read.go:81.19,83.6 1 0
github.com/mmdemirbas/mutercim/internal/cli/read.go:87.4,87.12 1 0
github.com/mmdemirbas/mutercim/internal/cli/read.go:87.12,88.131 1 0
github.com/mmdemirbas/mutercim/internal/cli/read.go:88.131,90.6 1 0
github.com/mmdemirbas/mutercim/internal/cli/read.go:94.4,103.14 2 0
github.com/mmdemirbas/mutercim/internal/cli/read.go:107.2,111.12 4 1
github.com/mmdemirbas/mutercim/internal/cli/read.go:115.57,117.18 2 4
github.com/mmdemirbas/mutercim/internal/cli/read.go:117.18,119.3 1 1
github.com/mmdemirbas/mutercim/internal/cli/read.go:121.2,122.15 2 3
github.com/mmdemirbas/mutercim/internal/cli/read.go:122.15,124.3 1 2
github.com/mmdemirbas/mutercim/internal/cli/read.go:125.2,125.17 1 1
github.com/mmdemirbas/mutercim/internal/cli/read.go:130.47,131.22 1 4
github.com/mmdemirbas/mutercim/internal/cli/read.go:132.16,133.26 1 2
github.com/mmdemirbas/mutercim/internal/cli/read.go:134.16,135.29 1 0
github.com/mmdemirbas/mutercim/internal/cli/read.go:136.16,137.26 1 0
github.com/mmdemirbas/mutercim/internal/cli/read.go:138.14,139.24 1 0
github.com/mmdemirbas/mutercim/internal/cli/read.go:140.17,141.27 1 0
github.com/mmdemirbas/mutercim/internal/cli/read.go:142.20,143.30 1 0
github.com/mmdemirbas/mutercim/internal/cli/read.go:144.13,145.23 1 0
github.com/mmdemirbas/mutercim/internal/cli/read.go:146.25,147.12 1 1
github.com/mmdemirbas/mutercim/internal/cli/read.go:148.10,149.52 1 1
github.com/mmdemirbas/mutercim/internal/cli/read.go:154.55,155.30 1 3
github.com/mmdemirbas/mutercim/internal/cli/read.go:155.30,157.3 1 1
github.com/mmdemirbas/mutercim/internal/cli/read.go:158.2,158.26 1 2
github.com/mmdemirbas/mutercim/internal/cli/read.go:162.42,163.22 1 0
github.com/mmdemirbas/mutercim/internal/cli/read.go:164.16,165.12 1 0
github.com/mmdemirbas/mutercim/internal/cli/read.go:166.16,167.12 1 0
github.com/mmdemirbas/mutercim/internal/cli/read.go:168.16,169.13 1 0
github.com/mmdemirbas/mutercim/internal/cli/read.go:170.14,171.12 1 0
github.com/mmdemirbas/mutercim/internal/cli/read.go:172.17,173.12 1 0
github.com/mmdemirbas/mutercim/internal/cli/read.go:174.20,175.13 1 0
github.com/mmdemirbas/mutercim/internal/cli/read.go:176.13,177.12 1 0
github.com/mmdemirbas/mutercim/internal/cli/read.go:178.16,179.14 1 0
github.com/mmdemirbas/mutercim/internal/cli/read.go:180.10,181.12 1 0
github.com/mmdemirbas/mutercim/internal/cli/read.go:189.56,191.22 1 16
github.com/mmdemirbas/mutercim/internal/cli/read.go:192.36,193.14 1 3
github.com/mmdemirbas/mutercim/internal/cli/read.go:194.16,195.14 1 1
github.com/mmdemirbas/mutercim/internal/cli/read.go:199.2,206.41 3 12
github.com/mmdemirbas/mutercim/internal/cli/read.go:206.41,207.39 1 67
github.com/mmdemirbas/mutercim/internal/cli/read.go:207.39,209.4 1 7
github.com/mmdemirbas/mutercim/internal/cli/read.go:212.2,212.14 1 5
github.com/mmdemirbas/mutercim/internal/cli/read.go:217.136,221.20 3 0
github.com/mmdemirbas/mutercim/internal/cli/read.go:221.20,222.29 1 0
github.com/mmdemirbas/mutercim/internal/cli/read.go:222.29,224.4 1 0
github.com/mmdemirbas/mutercim/internal/cli/read.go:227.2,229.30 2 0
github.com/mmdemirbas/mutercim/internal/cli/read.go:229.30,231.17 2 0
github.com/mmdemirbas/mutercim/internal/cli/read.go:231.17,233.12 2 0
github.com/mmdemirbas/mutercim/internal/cli/read.go:236.3,237.15 2 0
github.com/mmdemirbas/mutercim/internal/cli/read.go:237.15,239.4 1 0
github.com/mmdemirbas/mutercim/internal/cli/read.go:241.3,250.17 4 0
github.com/mmdemirbas/mutercim/internal/cli/read.go:250.17,253.4 2 0
github.com/mmdemirbas/mutercim/internal/cli/read.go:254.3,255.56 2 0
github.com/mmdemirbas/mutercim/internal/cli/read.go:258.2,258.25 1 0
github.com/mmdemirbas/mutercim/internal/cli/read.go:258.25,260.3 1 0
github.com/mmdemirbas/mutercim/internal/cli/read.go:262.2,262.94 1 0
github.com/mmdemirbas/mutercim/internal/cli/read.go:266.117,268.24 2 0
github.com/mmdemirbas/mutercim/internal/cli/read.go:268.24,270.3 1 0
github.com/mmdemirbas/mutercim/internal/cli/read.go:272.2,272.23 1 0
github.com/mmdemirbas/mutercim/internal/cli/read.go:273.16,274.69 1 0
github.com/mmdemirbas/mutercim/internal/cli/read.go:275.16,276.69 1 0
github.com/mmdemirbas/mutercim/internal/cli/read.go:277.16,278.61 1 0
github.com/mmdemirbas/mutercim/internal/cli/read.go:279.15,280.66 1 0
github.com/mmdemirbas/mutercim/internal/cli/read.go:281.10,284.20 2 0
github.com/mmdemirbas/mutercim/internal/cli/read.go:284.20,285.69 1 0
github.com/mmdemirbas/mutercim/internal/cli/read.go:285.69,287.5 1 0
github.com/mmdemirbas/mutercim/internal/cli/read.go:287.10,289.5 1 0
github.com/mmdemirbas/mutercim/internal/cli/read.go:291.3,291.107 1 0
github.com/mmdemirbas/mutercim/internal/cli/root.go:29.34,38.68 1 1
github.com/mmdemirbas/mutercim/internal/cli/root.go:38.68,47.20 6 0
github.com/mmdemirbas/mutercim/internal/cli/root.go:47.20,50.25 2 0
github.com/mmdemirbas/mutercim/internal/cli/root.go:50.25,52.6 1 0
github.com/mmdemirbas/mutercim/internal/cli/root.go:53.5,53.56 1 0
github.com/mmdemirbas/mutercim/internal/cli/root.go:53.56,55.24 2 0
github.com/mmdemirbas/mutercim/internal/cli/root.go:55.24,57.7 1 0
github.com/mmdemirbas/mutercim/internal/cli/root.go:59.5,59.32 1 0
github.com/mmdemirbas/mutercim/internal/cli/root.go:59.32,61.6 1 0
github.com/mmdemirbas/mutercim/internal/cli/root.go:64.5,64.23 1 0
github.com/mmdemirbas/mutercim/internal/cli/root.go:64.23,66.6 1 0
github.com/mmdemirbas/mutercim/internal/cli/root.go:67.5,70.19 3 0
github.com/mmdemirbas/mutercim/internal/cli/root.go:70.19,73.6 2 0
github.com/mmdemirbas/mutercim/internal/cli/root.go:75.4,75.22 1 0
github.com/mmdemirbas/mutercim/internal/cli/root.go:75.22,77.5 1 0
github.com/mmdemirbas/mutercim/internal/cli/root.go:78.4,78.25 1 0
github.com/mmdemirbas/mutercim/internal/cli/root.go:78.25,80.5 1 0
github.com/mmdemirbas/mutercim/internal/cli/root.go:81.4,94.73 7 0
github.com/mmdemirbas/mutercim/internal/cli/root.go:94.73,96.29 2 0
github.com/mmdemirbas/mutercim/internal/cli/root.go:96.29,98.6 1 0
github.com/mmdemirbas/mutercim/internal/cli/root.go:99.5,99.15 1 0
github.com/mmdemirbas/mutercim/internal/cli/root.go:102.4,102.14 1 0
github.com/mmdemirbas/mutercim/internal/cli/root.go:107.2,149.16 16 1
github.com/mmdemirbas/mutercim/internal/cli/root.go:152.78,153.27 1 2
github.com/mmdemirbas/mutercim/internal/cli/root.go:153.27,156.3 2 13
github.com/mmdemirbas/mutercim/internal/cli/root.go:160.56,161.28 1 13
github.com/mmdemirbas/mutercim/internal/cli/root.go:161.28,163.3 1 13
github.com/mmdemirbas/mutercim/internal/cli/root.go:164.2,165.12 2 13
github.com/mmdemirbas/mutercim/internal/cli/root.go:169.62,172.47 3 0
github.com/mmdemirbas/mutercim/internal/cli/root.go:172.47,175.15 3 0
github.com/mmdemirbas/mutercim/internal/cli/root.go:175.15,177.4 1 0
github.com/mmdemirbas/mutercim/internal/cli/root.go:178.3,178.45 1 0
github.com/mmdemirbas/mutercim/internal/cli/root.go:180.2,180.15 1 0
github.com/mmdemirbas/mutercim/internal/cli/root.go:184.78,186.27 2 0
github.com/mmdemirbas/mutercim/internal/cli/root.go:186.27,187.57 1 0
github.com/mmdemirbas/mutercim/internal/cli/root.go:187.57,189.4 1 0
github.com/mmdemirbas/mutercim/internal/cli/root.go:191.2,191.34 1 0
github.com/mmdemirbas/mutercim/internal/cli/root.go:195.64,197.27 2 0
github.com/mmdemirbas/mutercim/internal/cli/root.go:197.27,198.76 1 0
github.com/mmdemirbas/mutercim/internal/cli/root.go:198.76,200.4 1 0
github.com/mmdemirbas/mutercim/internal/cli/root.go:202.2,202.34 1 0
github.com/mmdemirbas/mutercim/internal/cli/root.go:206.78,208.33 2 0
github.com/mmdemirbas/mutercim/internal/cli/root.go:208.33,210.3 1 0
github.com/mmdemirbas/mutercim/internal/cli/root.go:211.2,211.14 1 0
github.com/mmdemirbas/mutercim/internal/cli/root.go:216.66,218.21 2 0
github.com/mmdemirbas/mutercim/internal/cli/root.go:218.21,221.3 2 0
github.com/mmdemirbas/mutercim/internal/cli/root.go:222.2,222.35 1 0
github.com/mmdemirbas/mutercim/internal/cli/root.go:222.35,224.3 1 0
github.com/mmdemirbas/mutercim/internal/cli/root.go:228.16,230.42 2 0
github.com/mmdemirbas/mutercim/internal/cli/root.go:230.42,234.3 3 0
github.com/mmdemirbas/mutercim/internal/cli/root.go:238.89,239.41 1 1
github.com/mmdemirbas/mutercim/internal/cli/root.go:239.41,242.38 2 0
github.com/mmdemirbas/mutercim/internal/cli/root.go:242.38,244.22 2 0
github.com/mmdemirbas/mutercim/internal/cli/root.go:244.22,245.13 1 0
github.com/mmdemirbas/mutercim/internal/cli/root.go:247.4,248.27 2 0
github.com/mmdemirbas/mutercim/internal/cli/root.go:248.27,250.5 1 0
github.com/mmdemirbas/mutercim/internal/cli/root.go:251.4,251.23 1 0
github.com/mmdemirbas/mutercim/internal/cli/root.go:254.3,255.25 2 0
github.com/mmdemirbas/mutercim/internal/cli/root.go:255.25,257.32 2 0
github.com/mmdemirbas/mutercim/internal/cli/root.go:257.32,259.5 1 0
github.com/mmdemirbas/mutercim/internal/cli/root.go:260.4,260.23 1 0
github.com/mmdemirbas/mutercim/internal/cli/root.go:263.3,263.20 1 0
github.com/mmdemirbas/mutercim/internal/cli/root.go:268.41,269.28 1 7
github.com/mmdemirbas/mutercim/internal/cli/root.go:270.15,271.25 1 2
github.com/mmdemirbas/mutercim/internal/cli/root.go:272.14,273.24 1 1
github.com/mmdemirbas/mutercim/internal/cli/root.go:274.15,275.25 1 1
github.com/mmdemirbas/mutercim/internal/cli/root.go:276.10,277.24 1 3
github.com/mmdemirbas/mutercim/internal/cli/root.go:283.31,285.16 2 3
github.com/mmdemirbas/mutercim/internal/cli/root.go:285.16,287.3 1 1
github.com/mmdemirbas/mutercim/internal/cli/root.go:288.2,288.54 1 2
github.com/mmdemirbas/mutercim/internal/cli/root.go:288.54,289.27 1 2
github.com/mmdemirbas/mutercim/internal/cli/root.go:289.27,291.4 1 1
github.com/mmdemirbas/mutercim/internal/cli/root.go:297.54,299.52 2 24
github.com/mmdemirbas/mutercim/internal/cli/root.go:299.52,301.35 2 38
github.com/mmdemirbas/mutercim/internal/cli/root.go:301.35,302.12 1 12
github.com/mmdemirbas/mutercim/internal/cli/root.go:304.3,306.10 3 26
github.com/mmdemirbas/mutercim/internal/cli/root.go:306.10,307.12 1 1
github.com/mmdemirbas/mutercim/internal/cli/root.go:309.3,313.59 3 25
github.com/mmdemirbas/mutercim/internal/cli/root.go:313.59,314.51 1 19
github.com/mmdemirbas/mutercim/internal/cli/root.go:314.51,316.5 1 2
github.com/mmdemirbas/mutercim/internal/cli/root.go:319.3,319.124 1 25
github.com/mmdemirbas/mutercim/internal/cli/root.go:319.124,321.4 1 5
github.com/mmdemirbas/mutercim/internal/cli/root.go:322.3,322.22 1 25
github.com/mmdemirbas/mutercim/internal/cli/root.go:324.2,324.15 1 24
github.com/mmdemirbas/mutercim/internal/cli/root.go:335.67,337.2 1 0
github.com/mmdemirbas/mutercim/internal/cli/root.go:339.74,341.2 1 0
github.com/mmdemirbas/mutercim/internal/cli/root.go:343.71,347.17 4 0
github.com/mmdemirbas/mutercim/internal/cli/root.go:348.23,349.25 1 0
github.com/mmdemirbas/mutercim/internal/cli/root.go:350.22,351.25 1 0
github.com/mmdemirbas/mutercim/internal/cli/root.go:352.22,353.25 1 0
github.com/mmdemirbas/mutercim/internal/cli/root.go:354.23,355.25 1 0
github.com/mmdemirbas/mutercim/internal/cli/root.go:356.10,357.34 1 0
github.com/mmdemirbas/mutercim/internal/cli/root.go:359.2,362.28 3 0
github.com/mmdemirbas/mutercim/internal/cli/root.go:362.28,364.3 1 0
github.com/mmdemirbas/mutercim/internal/cli/root.go:366.2,366.33 1 0
github.com/mmdemirbas/mutercim/internal/cli/root.go:366.33,369.3 2 0
github.com/mmdemirbas/mutercim/internal/cli/root.go:370.2,372.12 3 0
github.com/mmdemirbas/mutercim/internal/cli/root.go:375.66,377.2 1 0
github.com/mmdemirbas/mutercim/internal/cli/root.go:379.60,382.2 1 0
github.com/mmdemirbas/mutercim/internal/cli/solve.go:15.35,20.55 1 1
github.com/mmdemirbas/mutercim/internal/cli/solve.go:20.55,22.18 2 0
github.com/mmdemirbas/mutercim/internal/cli/solve.go:22.18,24.5 1 0
github.com/mmdemirbas/mutercim/internal/cli/solve.go:26.4,27.24 2 0
github.com/mmdemirbas/mutercim/internal/cli/solve.go:27.24,29.5 1 0
github.com/mmdemirbas/mutercim/internal/cli/solve.go:30.4,31.18 2 0
github.com/mmdemirbas/mutercim/internal/cli/solve.go:31.18,33.5 1 0
github.com/mmdemirbas/mutercim/internal/cli/solve.go:34.4,38.18 3 0
github.com/mmdemirbas/mutercim/internal/cli/solve.go:38.18,40.5 1 0
github.com/mmdemirbas/mutercim/internal/cli/solve.go:43.4,46.43 3 0
github.com/mmdemirbas/mutercim/internal/cli/solve.go:46.43,48.19 2 0
github.com/mmdemirbas/mutercim/internal/cli/solve.go:48.19,50.6 1 0
github.com/mmdemirbas/mutercim/internal/cli/solve.go:51.5,52.19 2 0
github.com/mmdemirbas/mutercim/internal/cli/solve.go:52.19,54.6 1 0
github.com/mmdemirbas/mutercim/internal/cli/solve.go:58.4,58.12 1 0
github.com/mmdemirbas/mutercim/internal/cli/solve.go:58.12,59.132 1 0
github.com/mmdemirbas/mutercim/internal/cli/solve.go:59.132,61.6 1 0
github.com/mmdemirbas/mutercim/internal/cli/solve.go:64.4,75.14 3 0
github.com/mmdemirbas/mutercim/internal/cli/status.go:19.36,25.2 1 1
github.com/mmdemirbas/mutercim/internal/cli/status.go:27.57,29.16 2 0
github.com/mmdemirbas/mutercim/internal/cli/status.go:29.16,32.3 2 0
github.com/mmdemirbas/mutercim/internal/cli/status.go:34.2,35.22 2 0
github.com/mmdemirbas/mutercim/internal/cli/status.go:35.22,37.3 1 0
github.com/mmdemirbas/mutercim/internal/cli/status.go:38.2,39.16 2 0
github.com/mmdemirbas/mutercim/internal/cli/status.go:39.16,41.3 1 0
github.com/mmdemirbas/mutercim/internal/cli/status.go:42.2,46.45 3 0
github.com/mmdemirbas/mutercim/internal/cli/status.go:46.45,47.34 1 0
github.com/mmdemirbas/mutercim/internal/cli/status.go:47.34,49.4 1 0
github.com/mmdemirbas/mutercim/internal/cli/status.go:53.2,54.30 2 0
github.com/mmdemirbas/mutercim/internal/cli/status.go:54.30,56.3 1 0
github.com/mmdemirbas/mutercim/internal/cli/status.go:59.2,69.52 5 0
github.com/mmdemirbas/mutercim/internal/cli/status.go:69.52,71.3 1 0
github.com/mmdemirbas/mutercim/internal/cli/status.go:74.2,76.22 3 0
github.com/mmdemirbas/mutercim/internal/cli/status.go:76.22,77.35 1 0
github.com/mmdemirbas/mutercim/internal/cli/status.go:77.35,78.12 1 0
github.com/mmdemirbas/mutercim/internal/cli/status.go:80.3,80.35 1 0
github.com/mmdemirbas/mutercim/internal/cli/status.go:80.35,81.33 1 0
github.com/mmdemirbas/mutercim/internal/cli/status.go:81.33,85.10 4 0
github.com/mmdemirbas/mutercim/internal/cli/status.go:90.2,106.12 4 0
github.com/mmdemirbas/mutercim/internal/cli/status.go:110.122,116.30 4 2
github.com/mmdemirbas/mutercim/internal/cli/status.go:116.30,118.3 1 1
github.com/mmdemirbas/mutercim/internal/cli/status.go:119.2,120.19 2 2
github.com/mmdemirbas/mutercim/internal/cli/status.go:120.19,122.3 1 1
github.com/mmdemirbas/mutercim/internal/cli/status.go:123.2,129.27 2 2
github.com/mmdemirbas/mutercim/internal/cli/status.go:129.27,134.3 1 1
github.com/mmdemirbas/mutercim/internal/cli/status.go:134.8,136.31 2 1
github.com/mmdemirbas/mutercim/internal/cli/status.go:136.31,138.4 1 1
github.com/mmdemirbas/mutercim/internal/cli/status.go:139.3,144.5 2 1
github.com/mmdemirbas/mutercim/internal/cli/status.go:148.2,148.24 1 2
github.com/mmdemirbas/mutercim/internal/cli/status.go:148.24,153.3 1 2
github.com/mmdemirbas/mutercim/internal/cli/status.go:153.8,155.31 2 0
github.com/mmdemirbas/mutercim/internal/cli/status.go:155.31,157.4 1 0
github.com/mmdemirbas/mutercim/internal/cli/status.go:158.3,163.5 2 0
github.com/mmdemirbas/mutercim/internal/cli/status.go:167.2,168.30 2 2
github.com/mmdemirbas/mutercim/internal/cli/status.go:168.30,170.3 1 1
github.com/mmdemirbas/mutercim/internal/cli/status.go:171.2,180.30 4 2
github.com/mmdemirbas/mutercim/internal/cli/status.go:180.30,182.3 1 1
github.com/mmdemirbas/mutercim/internal/cli/status.go:183.2,191.35 3 2
github.com/mmdemirbas/mutercim/internal/cli/status.go:191.35,193.31 2 2
github.com/mmdemirbas/mutercim/internal/cli/status.go:193.31,195.4 1 1
github.com/mmdemirbas/mutercim/internal/cli/status.go:196.3,201.5 2 2
github.com/mmdemirbas/mutercim/internal/cli/status.go:205.2,205.35 1 2
github.com/mmdemirbas/mutercim/internal/cli/status.go:205.35,208.28 3 2
github.com/mmdemirbas/mutercim/internal/cli/status.go:208.28,210.4 1 0
github.com/mmdemirbas/mutercim/internal/cli/status.go:211.3,214.31 3 2
github.com/mmdemirbas/mutercim/internal/cli/status.go:214.31,216.4 1 1
github.com/mmdemirbas/mutercim/internal/cli/status.go:217.3,217.26 1 2
github.com/mmdemirbas/mutercim/internal/cli/status.go:217.26,219.4 1 2
github.com/mmdemirbas/mutercim/internal/cli/status.go:220.3,224.5 1 2
github.com/mmdemirbas/mutercim/internal/cli/status.go:227.2,227.13 1 2
github.com/mmdemirbas/mutercim/internal/cli/status.go:231.37,233.16 2 8
github.com/mmdemirbas/mutercim/internal/cli/status.go:233.16,235.3 1 5
github.com/mmdemirbas/mutercim/internal/cli/status.go:236.2,237.28 2 3
github.com/mmdemirbas/mutercim/internal/cli/status.go:237.28,238.57 1 6
github.com/mmdemirbas/mutercim/internal/cli/status.go:238.57,240.4 1 4
github.com/mmdemirbas/mutercim/internal/cli/status.go:242.2,242.14 1 3
github.com/mmdemirbas/mutercim/internal/cli/status.go:246.35,248.16 2 6
github.com/mmdemirbas/mutercim/internal/cli/status.go:248.16,250.3 1 3
github.com/mmdemirbas/mutercim/internal/cli/status.go:251.2,251.28 1 3
github.com/mmdemirbas/mutercim/internal/cli/status.go:251.28,252.17 1 2
github.com/mmdemirbas/mutercim/internal/cli/status.go:252.17,254.4 1 1
github.com/mmdemirbas/mutercim/internal/cli/status.go:256.2,256.14 1 2
github.com/mmdemirbas/mutercim/internal/cli/status.go:260.55,262.102 2 4
github.com/mmdemirbas/mutercim/internal/cli/status.go:262.102,264.17 2 20
github.com/mmdemirbas/mutercim/internal/cli/status.go:264.17,265.12 1 15
github.com/mmdemirbas/mutercim/internal/cli/status.go:267.3,267.29 1 5
github.com/mmdemirbas/mutercim/internal/cli/status.go:267.29,268.17 1 5
github.com/mmdemirbas/mutercim/internal/cli/status.go:268.17,270.5 1 5
github.com/mmdemirbas/mutercim/internal/cli/status.go:274.2,275.16 2 4
github.com/mmdemirbas/mutercim/internal/cli/status.go:275.16,276.35 1 1
github.com/mmdemirbas/mutercim/internal/cli/status.go:276.35,277.24 1 1
github.com/mmdemirbas/mutercim/internal/cli/status.go:277.24,278.13 1 0
github.com/mmdemirbas/mutercim/internal/cli/status.go:280.4,281.18 2 1
github.com/mmdemirbas/mutercim/internal/cli/status.go:281.18,282.13 1 0
github.com/mmdemirbas/mutercim/internal/cli/status.go:284.4,284.33 1 1
github.com/mmdemirbas/mutercim/internal/cli/status.go:284.33,285.18 1 1
github.com/mmdemirbas/mutercim/internal/cli/status.go:285.18,287.6 1 1
github.com/mmdemirbas/mutercim/internal/cli/status.go:292.2,293.25 2 4
github.com/mmdemirbas/mutercim/internal/cli/status.go:293.25,295.3 1 5
github.com/mmdemirbas/mutercim/internal/cli/status.go:296.2,297.14 2 4
github.com/mmdemirbas/mutercim/internal/cli/status.go:301.33,303.16 2 4
github.com/mmdemirbas/mutercim/internal/cli/status.go:303.16,305.3 1 1
github.com/mmdemirbas/mutercim/internal/cli/status.go:306.2,307.28 2 3
github.com/mmdemirbas/mutercim/internal/cli/status.go:307.28,308.17 1 6
github.com/mmdemirbas/mutercim/internal/cli/status.go:308.17,310.4 1 5
github.com/mmdemirbas/mutercim/internal/cli/status.go:312.2,312.14 1 3
github.com/mmdemirbas/mutercim/internal/cli/status.go:316.83,318.30 2 4
github.com/mmdemirbas/mutercim/internal/cli/status.go:318.30,321.36 3 4
github.com/mmdemirbas/mutercim/internal/cli/status.go:321.36,322.12 1 1
github.com/mmdemirbas/mutercim/internal/cli/status.go:326.3,326.30 1 3
github.com/mmdemirbas/mutercim/internal/cli/status.go:326.30,327.35 1 3
github.com/mmdemirbas/mutercim/internal/cli/status.go:327.35,328.95 1 4
github.com/mmdemirbas/mutercim/internal/cli/status.go:328.95,330.6 1 1
github.com/mmdemirbas/mutercim/internal/cli/status.go:333.4,334.35 2 3
github.com/mmdemirbas/mutercim/internal/cli/status.go:334.35,336.5 1 4
github.com/mmdemirbas/mutercim/internal/cli/status.go:337.4,337.41 1 3
github.com/mmdemirbas/mutercim/internal/cli/status.go:337.41,338.23 1 5
github.com/mmdemirbas/mutercim/internal/cli/status.go:338.23,340.6 1 1
github.com/mmdemirbas/mutercim/internal/cli/status.go:344.2,344.17 1 4
github.com/mmdemirbas/mutercim/internal/cli/status.go:348.63,350.16 2 8
github.com/mmdemirbas/mutercim/internal/cli/status.go:350.16,352.3 1 2
github.com/mmdemirbas/mutercim/internal/cli/status.go:354.2,355.28 2 6
github.com/mmdemirbas/mutercim/internal/cli/status.go:355.28,356.53 1 6
github.com/mmdemirbas/mutercim/internal/cli/status.go:356.53,357.12 1 1
github.com/mmdemirbas/mutercim/internal/cli/status.go:359.3,360.68 2 5
github.com/mmdemirbas/mutercim/internal/cli/status.go:360.68,361.12 1 0
github.com/mmdemirbas/mutercim/internal/cli/status.go:363.3,364.17 2 5
github.com/mmdemirbas/mutercim/internal/cli/status.go:364.17,365.12 1 0
github.com/mmdemirbas/mutercim/internal/cli/status.go:367.3,368.53 2 5
github.com/mmdemirbas/mutercim/internal/cli/status.go:368.53,369.12 1 1
github.com/mmdemirbas/mutercim/internal/cli/status.go:371.3,371.31 1 4
github.com/mmdemirbas/mutercim/internal/cli/status.go:374.2,374.40 1 6
github.com/mmdemirbas/mutercim/internal/cli/status.go:374.40,376.3 1 0
github.com/mmdemirbas/mutercim/internal/cli/status.go:377.2,377.19 1 6
github.com/mmdemirbas/mutercim/internal/cli/translate.go:16.39,27.55 2 1
github.com/mmdemirbas/mutercim/internal/cli/translate.go:27.55,29.18 2 0
github.com/mmdemirbas/mutercim/internal/cli/translate.go:29.18,31.5 1 0
github.com/mmdemirbas/mutercim/internal/cli/translate.go:33.4,34.24 2 0
github.com/mmdemirbas/mutercim/internal/cli/translate.go:34.24,36.5 1 0
github.com/mmdemirbas/mutercim/internal/cli/translate.go:37.4,38.18 2 0
github.com/mmdemirbas/mutercim/internal/cli/translate.go:38.18,40.5 1 0
github.com/mmdemirbas/mutercim/internal/cli/translate.go:41.4,44.55 2 0
github.com/mmdemirbas/mutercim/internal/cli/translate.go:44.55,46.49 2 0
github.com/mmdemirbas/mutercim/internal/cli/translate.go:46.49,48.6 1 0
github.com/mmdemirbas/mutercim/internal/cli/translate.go:49.5,50.49 2 0
github.com/mmdemirbas/mutercim/internal/cli/translate.go:50.49,52.6 1 0
github.com/mmdemirbas/mutercim/internal/cli/translate.go:53.5,53.71 1 0
github.com/mmdemirbas/mutercim/internal/cli/translate.go:56.4,59.18 3 0
github.com/mmdemirbas/mutercim/internal/cli/translate.go:59.18,61.5 1 0
github.com/mmdemirbas/mutercim/internal/cli/translate.go:62.4,66.18 3 0
github.com/mmdemirbas/mutercim/internal/cli/translate.go:66.18,68.5 1 0
github.com/mmdemirbas/mutercim/internal/cli/translate.go:71.4,73.43 3 0
github.com/mmdemirbas/mutercim/internal/cli/translate.go:73.43,75.19 2 0
github.com/mmdemirbas/mutercim/internal/cli/translate.go:75.19,77.6 1 0
github.com/mmdemirbas/mutercim/internal/cli/translate.go:78.5,79.19 2 0
github.com/mmdemirbas/mutercim/internal/cli/translate.go:79.19,81.6 1 0
github.com/mmdemirbas/mutercim/internal/cli/translate.go:85.4,85.12 1 0
github.com/mmdemirbas/mutercim/internal/cli/translate.go:85.12,86.136 1 0
github.com/mmdemirbas/mutercim/internal/cli/translate.go:86.136,88.6 1 0
github.com/mmdemirbas/mutercim/internal/cli/translate.go:91.4,102.14 2 0
github.com/mmdemirbas/mutercim/internal/cli/translate.go:106.2,110.12 4 1
github.com/mmdemirbas/mutercim/internal/cli/write.go:15.35,25.55 2 1
github.com/mmdemirbas/mutercim/internal/cli/write.go:25.55,27.18 2 0
github.com/mmdemirbas/mutercim/internal/cli/write.go:27.18,29.5 1 0
github.com/mmdemirbas/mutercim/internal/cli/write.go:31.4,32.24 2 0
github.com/mmdemirbas/mutercim/internal/cli/write.go:32.24,34.5 1 0
github.com/mmdemirbas/mutercim/internal/cli/write.go:35.4,36.18 2 0
github.com/mmdemirbas/mutercim/internal/cli/write.go:36.18,38.5 1 0
github.com/mmdemirbas/mutercim/internal/cli/write.go:41.4,44.21 2 0
github.com/mmdemirbas/mutercim/internal/cli/write.go:44.21,46.19 2 0
github.com/mmdemirbas/mutercim/internal/cli/write.go:46.19,48.6 1 0
github.com/mmdemirbas/mutercim/internal/cli/write.go:49.5,49.29 1 0
github.com/mmdemirbas/mutercim/internal/cli/write.go:50.10,50.28 1 0
github.com/mmdemirbas/mutercim/internal/cli/write.go:50.28,52.19 2 0
github.com/mmdemirbas/mutercim/internal/cli/write.go:52.19,54.6 1 0
github.com/mmdemirbas/mutercim/internal/cli/write.go:55.5,55.29 1 0
github.com/mmdemirbas/mutercim/internal/cli/write.go:58.4,60.43 3 0
github.com/mmdemirbas/mutercim/internal/cli/write.go:60.43,62.19 2 0
github.com/mmdemirbas/mutercim/internal/cli/write.go:62.19,64.6 1 0
github.com/mmdemirbas/mutercim/internal/cli/write.go:65.5,66.19 2 0
github.com/mmdemirbas/mutercim/internal/cli/write.go:66.19,68.6 1 0
github.com/mmdemirbas/mutercim/internal/cli/write.go:72.4,72.12 1 0
github.com/mmdemirbas/mutercim/internal/cli/write.go:72.12,73.132 1 0
github.com/mmdemirbas/mutercim/internal/cli/write.go:73.132,75.6 1 0
github.com/mmdemirbas/mutercim/internal/cli/write.go:78.4,84.6 1 0
github.com/mmdemirbas/mutercim/internal/cli/write.go:88.2,90.12 2 1
github.com/mmdemirbas/mutercim/internal/input/loader.go:21.50,23.16 2 8
github.com/mmdemirbas/mutercim/internal/input/loader.go:23.16,24.25 1 1
github.com/mmdemirbas/mutercim/internal/input/loader.go:24.25,26.4 1 1
github.com/mmdemirbas/mutercim/internal/input/loader.go:27.3,27.61 1 0
github.com/mmdemirbas/mutercim/internal/input/loader.go:30.2,31.28 2 7
github.com/mmdemirbas/mutercim/internal/input/loader.go:31.28,32.16 1 18
github.com/mmdemirbas/mutercim/internal/input/loader.go:32.16,33.12 1 1
github.com/mmdemirbas/mutercim/internal/input/loader.go:35.3,36.55 2 17
github.com/mmdemirbas/mutercim/internal/input/loader.go:36.55,37.12 1 3
github.com/mmdemirbas/mutercim/internal/input/loader.go:39.3,40.18 2 14
github.com/mmdemirbas/mutercim/internal/input/loader.go:40.18,41.12 1 0
github.com/mmdemirbas/mutercim/internal/input/loader.go:43.3,46.5 1 14
github.com/mmdemirbas/mutercim/internal/input/loader.go:48.2,48.41 1 7
github.com/mmdemirbas/mutercim/internal/input/loader.go:48.41,50.3 1 8
github.com/mmdemirbas/mutercim/internal/input/loader.go:51.2,51.20 1 7
github.com/mmdemirbas/mutercim/internal/input/loader.go:56.43,59.23 3 29
github.com/mmdemirbas/mutercim/internal/input/loader.go:59.23,61.3 1 3
github.com/mmdemirbas/mutercim/internal/input/loader.go:63.2,64.16 2 26
github.com/mmdemirbas/mutercim/internal/input/loader.go:64.16,66.3 1 0
github.com/mmdemirbas/mutercim/internal/input/loader.go:67.2,67.12 1 26
github.com/mmdemirbas/mutercim/internal/input/loader.go:71.45,73.16 2 2
github.com/mmdemirbas/mutercim/internal/input/loader.go:73.16,75.3 1 1
github.com/mmdemirbas/mutercim/internal/input/loader.go:76.2,76.18 1 1
github.com/mmdemirbas/mutercim/internal/input/pdf.go:19.131,20.84 1 0
github.com/mmdemirbas/mutercim/internal/input/pdf.go:20.84,22.3 1 0
github.com/mmdemirbas/mutercim/internal/input/pdf.go:24.2,25.16 2 0
github.com/mmdemirbas/mutercim/internal/input/pdf.go:25.16,27.3 1 0
github.com/mmdemirbas/mutercim/internal/input/pdf.go:28.2,29.16 2 0
github.com/mmdemirbas/mutercim/internal/input/pdf.go:29.16,31.3 1 0
github.com/mmdemirbas/mutercim/internal/input/pdf.go:33.2,44.19 4 0
github.com/mmdemirbas/mutercim/internal/input/pdf.go:44.19,46.3 1 0
github.com/mmdemirbas/mutercim/internal/input/pdf.go:47.2,47.18 1 0
github.com/mmdemirbas/mutercim/internal/input/pdf.go:47.18,49.3 1 0
github.com/mmdemirbas/mutercim/internal/input/pdf.go:50.2,53.16 3 0
github.com/mmdemirbas/mutercim/internal/input/pdf.go:53.16,55.3 1 0
github.com/mmdemirbas/mutercim/internal/input/pdf.go:58.2,58.40 1 0
github.com/mmdemirbas/mutercim/internal/input/pdf.go:62.45,64.16 2 1
github.com/mmdemirbas/mutercim/internal/input/pdf.go:64.16,66.3 1 0
github.com/mmdemirbas/mutercim/internal/input/pdf.go:67.2,67.28 1 1
github.com/mmdemirbas/mutercim/internal/input/pdf.go:67.28,68.16 1 3
github.com/mmdemirbas/mutercim/internal/input/pdf.go:68.16,69.12 1 0
github.com/mmdemirbas/mutercim/internal/input/pdf.go:71.3,73.43 2 3
github.com/mmdemirbas/mutercim/internal/input/pdf.go:73.43,77.54 4 3
github.com/mmdemirbas/mutercim/internal/input/pdf.go:77.54,79.5 1 0
github.com/mmdemirbas/mutercim/internal/input/pdf.go:82.2,82.12 1 1
github.com/mmdemirbas/mutercim/internal/config/config.go:102.34,128.2 19 14
github.com/mmdemirbas/mutercim/internal/config/config.go:132.47,138.22 4 14
github.com/mmdemirbas/mutercim/internal/config/config.go:138.22,140.3 1 13
github.com/mmdemirbas/mutercim/internal/config/config.go:140.8,143.3 2 1
github.com/mmdemirbas/mutercim/internal/config/config.go:145.2,145.41 1 14
github.com/mmdemirbas/mutercim/internal/config/config.go:145.41,146.56 1 2
github.com/mmdemirbas/mutercim/internal/config/config.go:146.56,148.4 1 2
github.com/mmdemirbas/mutercim/internal/config/config.go:152.2,153.42 2 12
github.com/mmdemirbas/mutercim/internal/config/config.go:153.42,155.3 1 0
github.com/mmdemirbas/mutercim/internal/config/config.go:158.2,160.39 2 12
github.com/mmdemirbas/mutercim/internal/config/config.go:160.39,162.3 1 3
github.com/mmdemirbas/mutercim/internal/config/config.go:164.2,164.18 1 9
github.com/mmdemirbas/mutercim/internal/config/config.go:168.33,169.39 1 16
github.com/mmdemirbas/mutercim/internal/config/config.go:169.39,171.3 1 3
github.com/mmdemirbas/mutercim/internal/config/config.go:172.2,172.26 1 16
github.com/mmdemirbas/mutercim/internal/config/config.go:172.26,174.3 1 4
github.com/mmdemirbas/mutercim/internal/config/config.go:175.2,175.22 1 16
github.com/mmdemirbas/mutercim/internal/config/config.go:175.22,177.3 1 4
github.com/mmdemirbas/mutercim/internal/config/config.go:178.2,178.24 1 16
github.com/mmdemirbas/mutercim/internal/config/config.go:178.24,180.3 1 4
github.com/mmdemirbas/mutercim/internal/config/config.go:181.2,181.22 1 16
github.com/mmdemirbas/mutercim/internal/config/config.go:181.22,183.3 1 3
github.com/mmdemirbas/mutercim/internal/config/config.go:184.2,184.31 1 16
github.com/mmdemirbas/mutercim/internal/config/config.go:184.31,186.3 1 13
github.com/mmdemirbas/mutercim/internal/config/config.go:187.2,187.31 1 16
github.com/mmdemirbas/mutercim/internal/config/config.go:187.31,189.3 1 3
github.com/mmdemirbas/mutercim/internal/config/config.go:190.2,192.36 3 16
github.com/mmdemirbas/mutercim/internal/config/config.go:192.36,194.3 1 14
github.com/mmdemirbas/mutercim/internal/config/config.go:195.2,195.38 1 16
github.com/mmdemirbas/mutercim/internal/config/config.go:195.38,197.3 1 3
github.com/mmdemirbas/mutercim/internal/config/config.go:198.2,199.33 2 16
github.com/mmdemirbas/mutercim/internal/config/config.go:199.33,201.3 1 3
github.com/mmdemirbas/mutercim/internal/config/config.go:202.2,202.29 1 16
github.com/mmdemirbas/mutercim/internal/config/config.go:202.29,204.3 1 3
github.com/mmdemirbas/mutercim/internal/config/config.go:208.41,209.24 1 48
github.com/mmdemirbas/mutercim/internal/config/config.go:209.24,211.3 1 10
github.com/mmdemirbas/mutercim/internal/config/config.go:212.2,212.27 1 48
github.com/mmdemirbas/mutercim/internal/config/config.go:212.27,214.3 1 10
github.com/mmdemirbas/mutercim/internal/config/config.go:215.2,215.27 1 48
github.com/mmdemirbas/mutercim/internal/config/config.go:215.27,217.3 1 10
github.com/mmdemirbas/mutercim/internal/config/config.go:221.40,223.31 2 4
github.com/mmdemirbas/mutercim/internal/config/config.go:223.31,225.3 1 6
github.com/mmdemirbas/mutercim/internal/config/config.go:226.2,226.14 1 4
github.com/mmdemirbas/mutercim/internal/config/config.go:231.45,232.31 1 2
github.com/mmdemirbas/mutercim/internal/config/config.go:232.31,233.29 1 2
github.com/mmdemirbas/mutercim/internal/config/config.go:233.29,235.4 1 2
github.com/mmdemirbas/mutercim/internal/config/config.go:237.2,237.13 1 0
github.com/mmdemirbas/mutercim/internal/config/config.go:241.45,244.31 3 0
github.com/mmdemirbas/mutercim/internal/config/config.go:244.31,245.38 1 0
github.com/mmdemirbas/mutercim/internal/config/config.go:245.38,246.19 1 0
github.com/mmdemirbas/mutercim/internal/config/config.go:246.19,249.5 2 0
github.com/mmdemirbas/mutercim/internal/config/config.go:252.2,252.15 1 0
github.com/mmdemirbas/mutercim/internal/config/config.go:257.63,258.31 1 0
github.com/mmdemirbas/mutercim/internal/config/config.go:258.31,259.33 1 0
github.com/mmdemirbas/mutercim/internal/config/config.go:259.33,261.4 1 0
github.com/mmdemirbas/mutercim/internal/config/config.go:264.2,264.23 1 0
github.com/mmdemirbas/mutercim/internal/config/config.go:264.23,266.3 1 0
github.com/mmdemirbas/mutercim/internal/config/config.go:267.2,267.12 1 0
github.com/mmdemirbas/mutercim/internal/config/config.go:271.35,274.15 3 0
github.com/mmdemirbas/mutercim/internal/config/config.go:274.15,276.3 1 0
github.com/mmdemirbas/mutercim/internal/config/config.go:277.2,277.13 1 0
github.com/mmdemirbas/mutercim/internal/config/config.go:281.55,283.2 1 0
github.com/mmdemirbas/mutercim/internal/config/config.go:286.62,288.32 2 0
github.com/mmdemirbas/mutercim/internal/config/config.go:288.32,290.3 1 0
github.com/mmdemirbas/mutercim/internal/config/config.go:291.2,291.17 1 0
github.com/mmdemirbas/mutercim/internal/config/config.go:295.30,297.2 1 8
github.com/mmdemirbas/mutercim/internal/config/config.go:300.55,301.25 1 3
github.com/mmdemirbas/mutercim/internal/config/config.go:301.25,303.3 1 1
github.com/mmdemirbas/mutercim/internal/config/config.go:304.2,304.33 1 2
github.com/mmdemirbas/mutercim/internal/config/config.go:308.35,311.31 2 21
github.com/mmdemirbas/mutercim/internal/config/config.go:311.31,312.29 1 20
github.com/mmdemirbas/mutercim/internal/config/config.go:312.29,314.9 2 18
github.com/mmdemirbas/mutercim/internal/config/config.go:317.2,317.19 1 21
github.com/mmdemirbas/mutercim/internal/config/config.go:317.19,319.3 1 3
github.com/mmdemirbas/mutercim/internal/config/config.go:322.2,322.31 1 18
github.com/mmdemirbas/mutercim/internal/config/config.go:322.31,323.69 1 23
github.com/mmdemirbas/mutercim/internal/config/config.go:323.69,325.4 1 0
github.com/mmdemirbas/mutercim/internal/config/config.go:326.3,326.22 1 23
github.com/mmdemirbas/mutercim/internal/config/config.go:326.22,327.62 1 12
github.com/mmdemirbas/mutercim/internal/config/config.go:327.62,329.5 1 4
github.com/mmdemirbas/mutercim/internal/config/config.go:333.2,333.12 1 14
github.com/mmdemirbas/mutercim/internal/config/schema.go:21.25,21.38 1 12
github.com/mmdemirbas/mutercim/internal/config/schema.go:104.39,112.16 7 3
github.com/mmdemirbas/mutercim/internal/config/schema.go:112.16,114.3 1 0
github.com/mmdemirbas/mutercim/internal/config/schema.go:115.2,115.32 1 3
github.com/mmdemirbas/mutercim/internal/config/schema.go:118.68,120.30 2 51
github.com/mmdemirbas/mutercim/internal/config/schema.go:120.30,123.17 3 162
github.com/mmdemirbas/mutercim/internal/config/schema.go:123.17,124.12 1 0
github.com/mmdemirbas/mutercim/internal/config/schema.go:126.3,127.55 2 162
github.com/mmdemirbas/mutercim/internal/config/schema.go:130.2,136.10 3 51
github.com/mmdemirbas/mutercim/internal/config/schema.go:139.66,140.18 1 183
github.com/mmdemirbas/mutercim/internal/config/schema.go:141.22,142.36 1 48
github.com/mmdemirbas/mutercim/internal/config/schema.go:143.22,146.11 3 48
github.com/mmdemirbas/mutercim/internal/config/schema.go:147.34,150.11 3 51
github.com/mmdemirbas/mutercim/internal/config/schema.go:151.20,154.11 3 6
github.com/mmdemirbas/mutercim/internal/config/schema.go:155.21,156.35 1 21
github.com/mmdemirbas/mutercim/internal/config/schema.go:157.10,158.26 1 9
github.com/mmdemirbas/mutercim/internal/config/schema.go:162.67,168.71 3 21
github.com/mmdemirbas/mutercim/internal/config/schema.go:168.71,170.3 1 3
github.com/mmdemirbas/mutercim/internal/config/schema.go:172.2,177.10 3 21
github.com/mmdemirbas/mutercim/internal/config/schema.go:180.54,182.9 2 177
github.com/mmdemirbas/mutercim/internal/config/schema.go:182.9,184.3 1 24
github.com/mmdemirbas/mutercim/internal/config/schema.go:185.2,185.28 1 153
github.com/mmdemirbas/mutercim/internal/config/schema.go:185.28,187.3 1 144
github.com/mmdemirbas/mutercim/internal/config/schema.go:188.2,188.25 1 153
github.com/mmdemirbas/mutercim/internal/config/schema.go:188.25,190.3 1 66
github.com/mmdemirbas/mutercim/internal/config/schema.go:191.2,191.24 1 153
github.com/mmdemirbas/mutercim/internal/config/schema.go:191.24,193.3 1 15
github.com/mmdemirbas/mutercim/internal/config/schema.go:194.2,194.25 1 153
github.com/mmdemirbas/mutercim/internal/config/schema.go:194.25,196.3 1 36
github.com/mmdemirbas/mutercim/internal/config/schema.go:197.2,197.21 1 153
github.com/mmdemirbas/mutercim/internal/config/schema.go:197.21,199.3 1 0
github.com/mmdemirbas/mutercim/internal/config/schema.go:200.2,200.28 1 153
github.com/mmdemirbas/mutercim/internal/config/schema.go:200.28,202.3 1 3
github.com/mmdemirbas/mutercim/internal/config/schema.go:205.50,207.29 2 162
github.com/mmdemirbas/mutercim/internal/config/schema.go:207.29,209.3 1 0
github.com/mmdemirbas/mutercim/internal/config/schema.go:210.2,211.13 2 162
github.com/mmdemirbas/mutercim/internal/config/schema.go:214.44,215.18 1 162
github.com/mmdemirbas/mutercim/internal/config/schema.go:215.18,217.3 1 33
github.com/mmdemirbas/mutercim/internal/config/schema.go:218.2,218.29 1 129
github.com/mmdemirbas/mutercim/internal/knowledge/glossary.go:10.65,12.23 2 4
github.com/mmdemirbas/mutercim/internal/knowledge/glossary.go:12.23,14.3 1 2
github.com/mmdemirbas/mutercim/internal/knowledge/glossary.go:15.2,16.28 2 2
github.com/mmdemirbas/mutercim/internal/knowledge/glossary.go:16.28,18.3 1 5
github.com/mmdemirbas/mutercim/internal/knowledge/glossary.go:19.2,19.34 1 2
github.com/mmdemirbas/mutercim/internal/knowledge/glossary.go:24.64,27.46 3 10
github.com/mmdemirbas/mutercim/internal/knowledge/glossary.go:27.46,29.3 1 1
github.com/mmdemirbas/mutercim/internal/knowledge/glossary.go:31.2,33.23 3 9
github.com/mmdemirbas/mutercim/internal/knowledge/glossary.go:33.23,35.3 1 3
github.com/mmdemirbas/mutercim/internal/knowledge/glossary.go:36.2,38.23 3 9
github.com/mmdemirbas/mutercim/internal/knowledge/glossary.go:38.23,40.3 1 3
github.com/mmdemirbas/mutercim/internal/knowledge/glossary.go:41.2,41.18 1 9
github.com/mmdemirbas/mutercim/internal/knowledge/glossary.go:41.18,44.3 2 3
github.com/mmdemirbas/mutercim/internal/knowledge/glossary.go:45.2,45.19 1 9
github.com/mmdemirbas/mutercim/internal/knowledge/loader.go:19.74,23.35 2 6
github.com/mmdemirbas/mutercim/internal/knowledge/loader.go:23.35,24.14 1 6
github.com/mmdemirbas/mutercim/internal/knowledge/loader.go:24.14,25.12 1 0
github.com/mmdemirbas/mutercim/internal/knowledge/loader.go:27.3,27.63 1 6
github.com/mmdemirbas/mutercim/internal/knowledge/loader.go:27.63,29.4 1 0
github.com/mmdemirbas/mutercim/internal/knowledge/loader.go:33.2,33.21 1 6
github.com/mmdemirbas/mutercim/internal/knowledge/loader.go:33.21,34.71 1 2
github.com/mmdemirbas/mutercim/internal/knowledge/loader.go:34.71,36.4 1 0
github.com/mmdemirbas/mutercim/internal/knowledge/loader.go:39.2,39.15 1 6
github.com/mmdemirbas/mutercim/internal/knowledge/loader.go:43.45,45.16 2 8
github.com/mmdemirbas/mutercim/internal/knowledge/loader.go:45.16,47.3 1 2
github.com/mmdemirbas/mutercim/internal/knowledge/loader.go:48.2,48.18 1 6
github.com/mmdemirbas/mutercim/internal/knowledge/loader.go:48.18,50.3 1 5
github.com/mmdemirbas/mutercim/internal/knowledge/loader.go:51.2,51.29 1 1
github.com/mmdemirbas/mutercim/internal/knowledge/loader.go:51.29,53.3 1 1
github.com/mmdemirbas/mutercim/internal/knowledge/loader.go:54.2,54.12 1 0
github.com/mmdemirbas/mutercim/internal/knowledge/loader.go:57.50,59.2 1 6
github.com/mmdemirbas/mutercim/internal/knowledge/loader.go:61.75,63.16 2 6
github.com/mmdemirbas/mutercim/internal/knowledge/loader.go:63.16,65.3 1 0
github.com/mmdemirbas/mutercim/internal/knowledge/loader.go:66.2,66.32 1 6
github.com/mmdemirbas/mutercim/internal/knowledge/loader.go:66.32,67.43 1 8
github.com/mmdemirbas/mutercim/internal/knowledge/loader.go:67.43,68.12 1 0
github.com/mmdemirbas/mutercim/internal/knowledge/loader.go:70.3,71.17 2 8
github.com/mmdemirbas/mutercim/internal/knowledge/loader.go:71.17,73.12 2 0
github.com/mmdemirbas/mutercim/internal/knowledge/loader.go:75.3,75.50 1 8
github.com/mmdemirbas/mutercim/internal/knowledge/loader.go:75.50,77.12 2 0
github.com/mmdemirbas/mutercim/internal/knowledge/loader.go:80.2,80.12 1 6
github.com/mmdemirbas/mutercim/internal/knowledge/loader.go:83.52,85.16 2 1
github.com/mmdemirbas/mutercim/internal/knowledge/loader.go:85.16,87.3 1 0
github.com/mmdemirbas/mutercim/internal/knowledge/loader.go:88.2,88.49 1 1
github.com/mmdemirbas/mutercim/internal/knowledge/loader.go:88.49,91.3 2 0
github.com/mmdemirbas/mutercim/internal/knowledge/loader.go:92.2,92.12 1 1
github.com/mmdemirbas/mutercim/internal/knowledge/loader.go:95.35,97.2 1 9
github.com/mmdemirbas/mutercim/internal/knowledge/loader.go:104.55,106.49 2 16
github.com/mmdemirbas/mutercim/internal/knowledge/loader.go:106.49,108.3 1 0
github.com/mmdemirbas/mutercim/internal/knowledge/loader.go:109.2,109.32 1 16
github.com/mmdemirbas/mutercim/internal/knowledge/loader.go:109.32,111.17 2 17
github.com/mmdemirbas/mutercim/internal/knowledge/loader.go:111.17,113.4 1 0
github.com/mmdemirbas/mutercim/internal/knowledge/loader.go:114.3,114.23 1 17
github.com/mmdemirbas/mutercim/internal/knowledge/loader.go:116.2,116.12 1 16
github.com/mmdemirbas/mutercim/internal/knowledge/loader.go:119.60,123.28 2 17
github.com/mmdemirbas/mutercim/internal/knowledge/loader.go:123.28,124.20 1 39
github.com/mmdemirbas/mutercim/internal/knowledge/loader.go:124.20,126.11 2 2
github.com/mmdemirbas/mutercim/internal/knowledge/loader.go:126.11,128.5 1 0
github.com/mmdemirbas/mutercim/internal/knowledge/loader.go:129.4,130.12 2 2
github.com/mmdemirbas/mutercim/internal/knowledge/loader.go:133.3,134.17 2 37
github.com/mmdemirbas/mutercim/internal/knowledge/loader.go:134.17,136.4 1 0
github.com/mmdemirbas/mutercim/internal/knowledge/loader.go:137.3,137.27 1 37
github.com/mmdemirbas/mutercim/internal/knowledge/loader.go:139.2,139.19 1 17
github.com/mmdemirbas/mutercim/internal/knowledge/loader.go:142.56,143.25 1 37
github.com/mmdemirbas/mutercim/internal/knowledge/loader.go:144.14,145.26 1 34
github.com/mmdemirbas/mutercim/internal/knowledge/loader.go:146.21,148.26 2 3
github.com/mmdemirbas/mutercim/internal/knowledge/loader.go:148.26,150.11 2 7
github.com/mmdemirbas/mutercim/internal/knowledge/loader.go:150.11,152.5 1 0
github.com/mmdemirbas/mutercim/internal/knowledge/loader.go:153.4,153.30 1 7
github.com/mmdemirbas/mutercim/internal/knowledge/loader.go:155.3,155.21 1 3
github.com/mmdemirbas/mutercim/internal/knowledge/loader.go:156.10,157.68 1 0
github.com/mmdemirbas/mutercim/internal/knowledge/loader.go:164.44,166.37 2 23
github.com/mmdemirbas/mutercim/internal/knowledge/loader.go:166.37,167.32 1 8
github.com/mmdemirbas/mutercim/internal/knowledge/loader.go:167.32,168.41 1 4
github.com/mmdemirbas/mutercim/internal/knowledge/loader.go:168.41,170.5 1 8
github.com/mmdemirbas/mutercim/internal/knowledge/loader.go:171.4,171.24 1 4
github.com/mmdemirbas/mutercim/internal/knowledge/loader.go:171.24,173.5 1 1
github.com/mmdemirbas/mutercim/internal/knowledge/loader.go:174.4,174.10 1 4
github.com/mmdemirbas/mutercim/internal/knowledge/loader.go:177.2,177.38 1 19
github.com/mmdemirbas/mutercim/internal/knowledge/loader.go:180.31,182.28 2 31
github.com/mmdemirbas/mutercim/internal/knowledge/loader.go:182.28,184.3 1 66
github.com/mmdemirbas/mutercim/internal/knowledge/loader.go:185.2,186.21 2 31
github.com/mmdemirbas/mutercim/internal/knowledge/loader.go:186.21,188.3 1 0
github.com/mmdemirbas/mutercim/internal/knowledge/loader.go:189.2,190.21 2 31
github.com/mmdemirbas/mutercim/internal/knowledge/loader.go:190.21,192.3 1 0
github.com/mmdemirbas/mutercim/internal/knowledge/loader.go:193.2,193.34 1 31
github.com/mmdemirbas/mutercim/internal/knowledge/types.go:17.68,19.30 2 9
github.com/mmdemirbas/mutercim/internal/knowledge/types.go:19.30,20.43 1 15
github.com/mmdemirbas/mutercim/internal/knowledge/types.go:20.43,21.44 1 15
github.com/mmdemirbas/mutercim/internal/knowledge/types.go:21.44,23.5 1 12
github.com/mmdemirbas/mutercim/internal/knowledge/types.go:26.2,26.15 1 9
github.com/mmdemirbas/mutercim/internal/knowledge/types.go:30.67,31.30 1 4
github.com/mmdemirbas/mutercim/internal/knowledge/types.go:31.30,33.10 2 4
github.com/mmdemirbas/mutercim/internal/knowledge/types.go:33.10,34.12 1 0
github.com/mmdemirbas/mutercim/internal/knowledge/types.go:36.3,36.27 1 4
github.com/mmdemirbas/mutercim/internal/knowledge/types.go:36.27,37.17 1 7
github.com/mmdemirbas/mutercim/internal/knowledge/types.go:37.17,39.5 1 3
github.com/mmdemirbas/mutercim/internal/knowledge/types.go:42.2,42.23 1 1
github.com/mmdemirbas/mutercim/internal/layout/doclayout.go:64.52,65.17 1 4
github.com/mmdemirbas/mutercim/internal/layout/doclayout.go:65.17,67.3 1 3
github.com/mmdemirbas/mutercim/internal/layout/doclayout.go:68.2,72.3 1 4
github.com/mmdemirbas/mutercim/internal/layout/doclayout.go:76.80,77.17 1 12
github.com/mmdemirbas/mutercim/internal/layout/doclayout.go:77.17,79.3 1 12
github.com/mmdemirbas/mutercim/internal/layout/doclayout.go:80.2,83.3 1 12
github.com/mmdemirbas/mutercim/internal/layout/doclayout.go:87.39,89.2 1 2
github.com/mmdemirbas/mutercim/internal/layout/doclayout.go:92.61,94.16 2 5
github.com/mmdemirbas/mutercim/internal/layout/doclayout.go:94.16,97.3 2 1
github.com/mmdemirbas/mutercim/internal/layout/doclayout.go:98.2,98.42 1 4
github.com/mmdemirbas/mutercim/internal/layout/doclayout.go:98.42,101.3 2 1
github.com/mmdemirbas/mutercim/internal/layout/doclayout.go:103.2,104.16 2 3
github.com/mmdemirbas/mutercim/internal/layout/doclayout.go:104.16,107.3 2 1
github.com/mmdemirbas/mutercim/internal/layout/doclayout.go:108.2,108.42 1 2
github.com/mmdemirbas/mutercim/internal/layout/doclayout.go:108.42,111.3 2 1
github.com/mmdemirbas/mutercim/internal/layout/doclayout.go:113.2,113.13 1 1
github.com/mmdemirbas/mutercim/internal/layout/doclayout.go:167.124,169.27 1 7
github.com/mmdemirbas/mutercim/internal/layout/doclayout.go:169.27,170.81 1 0
github.com/mmdemirbas/mutercim/internal/layout/doclayout.go:170.81,172.4 1 0
github.com/mmdemirbas/mutercim/internal/layout/doclayout.go:176.2,176.24 1 7
github.com/mmdemirbas/mutercim/internal/layout/doclayout.go:176.24,177.31 1 2
github.com/mmdemirbas/mutercim/internal/layout/doclayout.go:177.31,179.4 1 0
github.com/mmdemirbas/mutercim/internal/layout/doclayout.go:182.2,191.49 4 7
github.com/mmdemirbas/mutercim/internal/layout/doclayout.go:191.49,193.3 1 1
github.com/mmdemirbas/mutercim/internal/layout/doclayout.go:194.2,194.42 1 7
github.com/mmdemirbas/mutercim/internal/layout/doclayout.go:194.42,196.3 1 1
github.com/mmdemirbas/mutercim/internal/layout/doclayout.go:197.2,197.47 1 7
github.com/mmdemirbas/mutercim/internal/layout/doclayout.go:197.47,199.3 1 0
github.com/mmdemirbas/mutercim/internal/layout/doclayout.go:200.2,200.44 1 7
github.com/mmdemirbas/mutercim/internal/layout/doclayout.go:200.44,202.3 1 0
github.com/mmdemirbas/mutercim/internal/layout/doclayout.go:203.2,203.49 1 7
github.com/mmdemirbas/mutercim/internal/layout/doclayout.go:203.49,205.3 1 0
github.com/mmdemirbas/mutercim/internal/layout/doclayout.go:207.2,210.16 3 7
github.com/mmdemirbas/mutercim/internal/layout/doclayout.go:210.16,212.3 1 1
github.com/mmdemirbas/mutercim/internal/layout/doclayout.go:214.2,215.53 2 6
github.com/mmdemirbas/mutercim/internal/layout/doclayout.go:215.53,217.3 1 1
github.com/mmdemirbas/mutercim/internal/layout/doclayout.go:220.2,223.36 4 5
github.com/mmdemirbas/mutercim/internal/layout/doclayout.go:223.36,225.24 2 11
github.com/mmdemirbas/mutercim/internal/layout/doclayout.go:225.24,226.31 1 11
github.com/mmdemirbas/mutercim/internal/layout/doclayout.go:226.31,228.5 1 9
github.com/mmdemirbas/mutercim/internal/layout/doclayout.go:229.4,229.31 1 11
github.com/mmdemirbas/mutercim/internal/layout/doclayout.go:229.31,231.5 1 4
github.com/mmdemirbas/mutercim/internal/layout/doclayout.go:232.4,232.28 1 11
github.com/mmdemirbas/mutercim/internal/layout/doclayout.go:235.2,235.29 1 5
github.com/mmdemirbas/mutercim/internal/layout/doclayout.go:235.29,237.39 2 4
github.com/mmdemirbas/mutercim/internal/layout/doclayout.go:237.39,239.4 1 9
github.com/mmdemirbas/mutercim/internal/layout/doclayout.go:240.3,248.4 3 4
github.com/mmdemirbas/mutercim/internal/layout/doclayout.go:253.2,254.36 2 5
github.com/mmdemirbas/mutercim/internal/layout/doclayout.go:254.36,257.15 3 11
github.com/mmdemirbas/mutercim/internal/layout/doclayout.go:257.15,259.4 1 1
github.com/mmdemirbas/mutercim/internal/layout/doclayout.go:260.3,267.5 1 11
github.com/mmdemirbas/mutercim/internal/layout/doclayout.go:270.2,275.8 1 5
github.com/mmdemirbas/mutercim/internal/layout/doclayout.go:280.45,281.48 1 18
github.com/mmdemirbas/mutercim/internal/layout/doclayout.go:281.48,283.3 1 16
github.com/mmdemirbas/mutercim/internal/layout/doclayout.go:284.2,284.30 1 2
github.com/mmdemirbas/mutercim/internal/layout/doclayout.go:289.52,296.2 1 15
github.com/mmdemirbas/mutercim/internal/layout/doclayout.go:303.50,304.48 1 4
github.com/mmdemirbas/mutercim/internal/layout/doclayout.go:304.48,309.46 3 7
github.com/mmdemirbas/mutercim/internal/layout/doclayout.go:309.46,312.4 1 1
github.com/mmdemirbas/mutercim/internal/layout/doclayout.go:314.3,314.23 1 6
github.com/mmdemirbas/mutercim/internal/layout/doclayout.go:318.21,319.11 1 7
github.com/mmdemirbas/mutercim/internal/layout/doclayout.go:319.11,321.3 1 5
github.com/mmdemirbas/mutercim/internal/layout/doclayout.go:322.2,322.10 1 2
github.com/mmdemirbas/mutercim/internal/layout/doclayout.go:326.61,328.9 2 14
github.com/mmdemirbas/mutercim/internal/layout/doclayout.go:328.9,330.3 1 12
github.com/mmdemirbas/mutercim/internal/layout/doclayout.go:331.2,331.25 1 2
github.com/mmdemirbas/mutercim/internal/layout/doclayout.go:332.15,333.19 1 2
github.com/mmdemirbas/mutercim/internal/layout/doclayout.go:334.15,335.28 1 0
github.com/mmdemirbas/mutercim/internal/layout/doclayout.go:336.11,337.28 1 0
github.com/mmdemirbas/mutercim/internal/layout/doclayout.go:338.13,339.28 1 0
github.com/mmdemirbas/mutercim/internal/layout/doclayout.go:340.10,341.18 1 0
github.com/mmdemirbas/mutercim/internal/layout/doclayout.go:346.55,348.9 2 14
github.com/mmdemirbas/mutercim/internal/layout/doclayout.go:348.9,350.3 1 14
github.com/mmdemirbas/mutercim/internal/layout/doclayout.go:351.2,351.25 1 0
github.com/mmdemirbas/mutercim/internal/layout/doclayout.go:352.11,353.19 1 0
github.com/mmdemirbas/mutercim/internal/layout/doclayout.go:354.13,355.24 1 0
github.com/mmdemirbas/mutercim/internal/layout/doclayout.go:356.15,357.24 1 0
github.com/mmdemirbas/mutercim/internal/layout/doclayout.go:358.15,359.24 1 0
github.com/mmdemirbas/mutercim/internal/layout/doclayout.go:360.10,361.18 1 0
github.com/mmdemirbas/mutercim/internal/layout/layout.go:40.32,41.14 1 4
github.com/mmdemirbas/mutercim/internal/layout/layout.go:42.24,43.30 1 1
github.com/mmdemirbas/mutercim/internal/layout/layout.go:44.15,45.26 1 1
github.com/mmdemirbas/mutercim/internal/layout/layout.go:46.10,47.13 1 2
github.com/mmdemirbas/mutercim/internal/layout/layout.go:57.103,59.2 1 1
github.com/mmdemirbas/mutercim/internal/layout/layout.go:62.53,64.2 1 1
github.com/mmdemirbas/mutercim/internal/layout/layout.go:67.33,69.2 1 1
github.com/mmdemirbas/mutercim/internal/layout/surya.go:42.94,44.2 1 0
github.com/mmdemirbas/mutercim/internal/layout/surya.go:48.44,49.17 1 4
github.com/mmdemirbas/mutercim/internal/layout/surya.go:49.17,51.3 1 3
github.com/mmdemirbas/mutercim/internal/layout/surya.go:52.2,56.3 1 4
github.com/mmdemirbas/mutercim/internal/layout/surya.go:60.72,61.17 1 9
github.com/mmdemirbas/mutercim/internal/layout/surya.go:61.17,63.3 1 9
github.com/mmdemirbas/mutercim/internal/layout/surya.go:64.2,67.3 1 9
github.com/mmdemirbas/mutercim/internal/layout/surya.go:71.35,73.2 1 2
github.com/mmdemirbas/mutercim/internal/layout/surya.go:76.57,78.16 2 5
github.com/mmdemirbas/mutercim/internal/layout/surya.go:78.16,81.3 2 1
github.com/mmdemirbas/mutercim/internal/layout/surya.go:82.2,82.42 1 4
github.com/mmdemirbas/mutercim/internal/layout/surya.go:82.42,85.3 2 1
github.com/mmdemirbas/mutercim/internal/layout/surya.go:87.2,88.16 2 3
github.com/mmdemirbas/mutercim/internal/layout/surya.go:88.16,91.3 2 1
github.com/mmdemirbas/mutercim/internal/layout/surya.go:92.2,92.42 1 2
github.com/mmdemirbas/mutercim/internal/layout/surya.go:92.42,95.3 2 1
github.com/mmdemirbas/mutercim/internal/layout/surya.go:97.2,97.13 1 1
github.com/mmdemirbas/mutercim/internal/layout/surya.go:120.120,122.27 1 4
github.com/mmdemirbas/mutercim/internal/layout/surya.go:122.27,123.81 1 0
[...]
github.com/mmdemirbas/mutercim/internal/pipeline/solve.go:176.2,176.81 1 3
github.com/mmdemirbas/mutercim/internal/pipeline/solve.go:179.61,181.16 2 2
github.com/mmdemirbas/mutercim/internal/pipeline/solve.go:181.16,183.3 1 0
github.com/mmdemirbas/mutercim/internal/pipeline/solve.go:184.2,185.52 2 2
github.com/mmdemirbas/mutercim/internal/pipeline/solve.go:185.52,187.3 1 0
github.com/mmdemirbas/mutercim/internal/pipeline/solve.go:188.2,188.19 1 2
github.com/mmdemirbas/mutercim/internal/pipeline/solve.go:191.100,193.16 2 1
github.com/mmdemirbas/mutercim/internal/pipeline/solve.go:193.16,195.3 1 0
github.com/mmdemirbas/mutercim/internal/pipeline/solve.go:197.2,198.57 2 1
github.com/mmdemirbas/mutercim/internal/pipeline/solve.go:198.57,200.3 1 0
github.com/mmdemirbas/mutercim/internal/pipeline/solve.go:201.2,201.12 1 1
github.com/mmdemirbas/mutercim/internal/pipeline/solve.go:205.69,207.28 2 0
github.com/mmdemirbas/mutercim/internal/pipeline/solve.go:207.28,208.27 1 0
github.com/mmdemirbas/mutercim/internal/pipeline/solve.go:208.27,210.4 1 0
github.com/mmdemirbas/mutercim/internal/pipeline/solve.go:212.2,212.14 1 0
github.com/mmdemirbas/mutercim/internal/pipeline/translate.go:36.81,38.19 2 7
github.com/mmdemirbas/mutercim/internal/pipeline/translate.go:38.19,40.3 1 7
github.com/mmdemirbas/mutercim/internal/pipeline/translate.go:42.2,45.39 3 7
github.com/mmdemirbas/mutercim/internal/pipeline/translate.go:45.39,47.3 1 1
github.com/mmdemirbas/mutercim/internal/pipeline/translate.go:50.2,51.16 2 6
github.com/mmdemirbas/mutercim/internal/pipeline/translate.go:51.16,53.3 1 0
github.com/mmdemirbas/mutercim/internal/pipeline/translate.go:54.2,54.22 1 6
github.com/mmdemirbas/mutercim/internal/pipeline/translate.go:54.22,56.3 1 1
github.com/mmdemirbas/mutercim/internal/pipeline/translate.go:58.2,59.24 2 5
github.com/mmdemirbas/mutercim/internal/pipeline/translate.go:59.24,61.3 1 5
github.com/mmdemirbas/mutercim/internal/pipeline/translate.go:62.2,62.24 1 5
github.com/mmdemirbas/mutercim/internal/pipeline/translate.go:62.24,64.3 1 0
github.com/mmdemirbas/mutercim/internal/pipeline/translate.go:67.2,68.53 2 5
github.com/mmdemirbas/mutercim/internal/pipeline/translate.go:68.53,80.31 3 6
github.com/mmdemirbas/mutercim/internal/pipeline/translate.go:80.31,86.18 6 6
github.com/mmdemirbas/mutercim/internal/pipeline/translate.go:86.18,88.5 1 0
github.com/mmdemirbas/mutercim/internal/pipeline/translate.go:92.2,92.19 1 5
github.com/mmdemirbas/mutercim/internal/pipeline/translate.go:95.169,97.19 2 6
github.com/mmdemirbas/mutercim/internal/pipeline/translate.go:97.19,99.3 1 6
github.com/mmdemirbas/mutercim/internal/pipeline/translate.go:101.2,108.16 6 6
github.com/mmdemirbas/mutercim/internal/pipeline/translate.go:108.16,110.3 1 0
github.com/mmdemirbas/mutercim/internal/pipeline/translate.go:111.2,111.21 1 6
github.com/mmdemirbas/mutercim/internal/pipeline/translate.go:111.21,113.3 1 0
github.com/mmdemirbas/mutercim/internal/pipeline/translate.go:115.2,115.25 1 6
github.com/mmdemirbas/mutercim/internal/pipeline/translate.go:115.25,117.3 1 0
github.com/mmdemirbas/mutercim/internal/pipeline/translate.go:119.2,119.57 1 6
github.com/mmdemirbas/mutercim/internal/pipeline/translate.go:119.57,121.3 1 0
github.com/mmdemirbas/mutercim/internal/pipeline/translate.go:124.2,125.27 2 6
github.com/mmdemirbas/mutercim/internal/pipeline/translate.go:125.27,127.17 2 7
github.com/mmdemirbas/mutercim/internal/pipeline/translate.go:127.17,129.12 2 0
github.com/mmdemirbas/mutercim/internal/pipeline/translate.go:131.3,131.33 1 7
github.com/mmdemirbas/mutercim/internal/pipeline/translate.go:135.2,138.25 2 6
github.com/mmdemirbas/mutercim/internal/pipeline/translate.go:138.25,140.3 1 0
github.com/mmdemirbas/mutercim/internal/pipeline/translate.go:143.2,144.31 2 6
github.com/mmdemirbas/mutercim/internal/pipeline/translate.go:144.31,145.63 1 5
github.com/mmdemirbas/mutercim/internal/pipeline/translate.go:145.63,146.46 1 0
github.com/mmdemirbas/mutercim/internal/pipeline/translate.go:146.46,148.5 1 0
github.com/mmdemirbas/mutercim/internal/pipeline/translate.go:150.3,150.36 1 5
github.com/mmdemirbas/mutercim/internal/pipeline/translate.go:150.36,152.4 1 5
github.com/mmdemirbas/mutercim/internal/pipeline/translate.go:153.3,153.30 1 0
github.com/mmdemirbas/mutercim/internal/pipeline/translate.go:155.2,155.25 1 6
github.com/mmdemirbas/mutercim/internal/pipeline/translate.go:155.25,156.63 1 0
github.com/mmdemirbas/mutercim/internal/pipeline/translate.go:156.63,157.45 1 0
github.com/mmdemirbas/mutercim/internal/pipeline/translate.go:157.45,162.5 1 0
github.com/mmdemirbas/mutercim/internal/pipeline/translate.go:163.4,163.92 1 0
github.com/mmdemirbas/mutercim/internal/pipeline/translate.go:163.92,169.5 1 0
github.com/mmdemirbas/mutercim/internal/pipeline/translate.go:173.2,178.27 5 6
github.com/mmdemirbas/mutercim/internal/pipeline/translate.go:178.27,179.23 1 6
github.com/mmdemirbas/mutercim/internal/pipeline/translate.go:179.23,180.9 1 1
github.com/mmdemirbas/mutercim/internal/pipeline/translate.go:183.3,184.47 2 5
github.com/mmdemirbas/mutercim/internal/pipeline/translate.go:184.47,187.9 2 0
github.com/mmdemirbas/mutercim/internal/pipeline/translate.go:190.3,192.73 3 5
github.com/mmdemirbas/mutercim/internal/pipeline/translate.go:192.73,195.12 3 0
github.com/mmdemirbas/mutercim/internal/pipeline/translate.go:198.3,199.10 2 5
github.com/mmdemirbas/mutercim/internal/pipeline/translate.go:199.10,201.12 2 0
github.com/mmdemirbas/mutercim/internal/pipeline/translate.go:205.3,207.16 3 5
github.com/mmdemirbas/mutercim/internal/pipeline/translate.go:207.16,209.4 1 5
github.com/mmdemirbas/mutercim/internal/pipeline/translate.go:210.3,210.47 1 5
github.com/mmdemirbas/mutercim/internal/pipeline/translate.go:210.47,211.49 1 0
github.com/mmdemirbas/mutercim/internal/pipeline/translate.go:211.49,213.5 1 0
github.com/mmdemirbas/mutercim/internal/pipeline/translate.go:217.3,217.39 1 5
github.com/mmdemirbas/mutercim/internal/pipeline/translate.go:217.39,219.4 1 0
github.com/mmdemirbas/mutercim/internal/pipeline/translate.go:222.3,224.26 3 5
github.com/mmdemirbas/mutercim/internal/pipeline/translate.go:224.26,229.4 1 0
github.com/mmdemirbas/mutercim/internal/pipeline/translate.go:230.3,231.26 2 5
github.com/mmdemirbas/mutercim/internal/pipeline/translate.go:231.26,233.4 1 0
github.com/mmdemirbas/mutercim/internal/pipeline/translate.go:234.3,234.17 1 5
github.com/mmdemirbas/mutercim/internal/pipeline/translate.go:234.17,237.27 3 1
github.com/mmdemirbas/mutercim/internal/pipeline/translate.go:237.27,243.5 1 0
github.com/mmdemirbas/mutercim/internal/pipeline/translate.go:244.4,244.12 1 1
github.com/mmdemirbas/mutercim/internal/pipeline/translate.go:248.3,248.101 1 4
github.com/mmdemirbas/mutercim/internal/pipeline/translate.go:248.101,251.27 3 0
github.com/mmdemirbas/mutercim/internal/pipeline/translate.go:251.27,257.5 1 0
github.com/mmdemirbas/mutercim/internal/pipeline/translate.go:258.4,258.12 1 0
github.com/mmdemirbas/mutercim/internal/pipeline/translate.go:261.3,262.44 2 4
github.com/mmdemirbas/mutercim/internal/pipeline/translate.go:262.44,264.4 1 0
github.com/mmdemirbas/mutercim/internal/pipeline/translate.go:265.3,267.63 3 4
github.com/mmdemirbas/mutercim/internal/pipeline/translate.go:267.63,268.43 1 0
github.com/mmdemirbas/mutercim/internal/pipeline/translate.go:268.43,270.5 1 0
github.com/mmdemirbas/mutercim/internal/pipeline/translate.go:272.3,273.26 2 4
github.com/mmdemirbas/mutercim/internal/pipeline/translate.go:273.26,280.4 1 0
github.com/mmdemirbas/mutercim/internal/pipeline/translate.go:283.2,283.25 1 6
github.com/mmdemirbas/mutercim/internal/pipeline/translate.go:283.25,285.3 1 0
github.com/mmdemirbas/mutercim/internal/pipeline/translate.go:286.2,295.67 3 6
github.com/mmdemirbas/mutercim/internal/pipeline/translate.go:295.67,296.92 1 6
github.com/mmdemirbas/mutercim/internal/pipeline/translate.go:296.92,298.4 1 0
github.com/mmdemirbas/mutercim/internal/pipeline/translate.go:301.2,301.81 1 6
github.com/mmdemirbas/mutercim/internal/pipeline/translate.go:304.73,306.16 2 7
github.com/mmdemirbas/mutercim/internal/pipeline/translate.go:306.16,308.3 1 0
github.com/mmdemirbas/mutercim/internal/pipeline/translate.go:309.2,310.52 2 7
github.com/mmdemirbas/mutercim/internal/pipeline/translate.go:310.52,312.3 1 0
github.com/mmdemirbas/mutercim/internal/pipeline/translate.go:313.2,313.19 1 7
github.com/mmdemirbas/mutercim/internal/pipeline/translate.go:316.108,318.16 2 4
github.com/mmdemirbas/mutercim/internal/pipeline/translate.go:318.16,320.3 1 0
github.com/mmdemirbas/mutercim/internal/pipeline/translate.go:322.2,323.57 2 4
github.com/mmdemirbas/mutercim/internal/pipeline/translate.go:323.57,325.3 1 0
github.com/mmdemirbas/mutercim/internal/pipeline/translate.go:326.2,326.12 1 4
github.com/mmdemirbas/mutercim/internal/pipeline/translate.go:330.89,332.28 2 0
github.com/mmdemirbas/mutercim/internal/pipeline/translate.go:332.28,333.27 1 0
github.com/mmdemirbas/mutercim/internal/pipeline/translate.go:333.27,335.4 1 0
github.com/mmdemirbas/mutercim/internal/pipeline/translate.go:337.2,337.14 1 0
github.com/mmdemirbas/mutercim/internal/pipeline/util.go:18.37,20.2 1 0
github.com/mmdemirbas/mutercim/internal/pipeline/util.go:25.65,26.21 1 26
github.com/mmdemirbas/mutercim/internal/pipeline/util.go:26.21,28.3 1 17
github.com/mmdemirbas/mutercim/internal/pipeline/util.go:29.2,30.19 2 9
github.com/mmdemirbas/mutercim/internal/pipeline/util.go:30.19,32.3 1 1
github.com/mmdemirbas/mutercim/internal/pipeline/util.go:33.2,34.30 2 8
github.com/mmdemirbas/mutercim/internal/pipeline/util.go:44.52,46.16 2 19
github.com/mmdemirbas/mutercim/internal/pipeline/util.go:46.16,48.3 1 0
github.com/mmdemirbas/mutercim/internal/pipeline/util.go:50.2,51.28 2 19
github.com/mmdemirbas/mutercim/internal/pipeline/util.go:51.28,52.53 1 28
github.com/mmdemirbas/mutercim/internal/pipeline/util.go:52.53,53.12 1 1
github.com/mmdemirbas/mutercim/internal/pipeline/util.go:55.3,56.66 2 27
github.com/mmdemirbas/mutercim/internal/pipeline/util.go:56.66,57.12 1 0
github.com/mmdemirbas/mutercim/internal/pipeline/util.go:59.3,59.84 1 27
github.com/mmdemirbas/mutercim/internal/pipeline/util.go:62.2,62.40 1 19
github.com/mmdemirbas/mutercim/internal/pipeline/util.go:62.40,62.86 1 9
github.com/mmdemirbas/mutercim/internal/pipeline/util.go:63.2,63.19 1 19
github.com/mmdemirbas/mutercim/internal/pipeline/util.go:67.61,69.27 2 2
github.com/mmdemirbas/mutercim/internal/pipeline/util.go:69.27,71.3 1 3
github.com/mmdemirbas/mutercim/internal/pipeline/util.go:72.2,73.27 2 2
github.com/mmdemirbas/mutercim/internal/pipeline/util.go:73.27,74.22 1 5
github.com/mmdemirbas/mutercim/internal/pipeline/util.go:74.22,76.4 1 2
github.com/mmdemirbas/mutercim/internal/pipeline/util.go:78.2,78.17 1 2
github.com/mmdemirbas/mutercim/internal/pipeline/util.go:82.52,84.16 2 32
github.com/mmdemirbas/mutercim/internal/pipeline/util.go:84.16,85.25 1 3
github.com/mmdemirbas/mutercim/internal/pipeline/util.go:85.25,87.4 1 3
github.com/mmdemirbas/mutercim/internal/pipeline/util.go:88.3,88.18 1 0
github.com/mmdemirbas/mutercim/internal/pipeline/util.go:91.2,92.28 2 29
github.com/mmdemirbas/mutercim/internal/pipeline/util.go:92.28,93.16 1 29
github.com/mmdemirbas/mutercim/internal/pipeline/util.go:93.16,95.4 1 28
github.com/mmdemirbas/mutercim/internal/pipeline/util.go:97.2,98.19 2 29
github.com/mmdemirbas/mutercim/internal/pipeline/util.go:103.35,106.15 3 11
github.com/mmdemirbas/mutercim/internal/pipeline/util.go:106.15,108.3 1 3
github.com/mmdemirbas/mutercim/internal/pipeline/util.go:109.2,109.34 1 8
github.com/mmdemirbas/mutercim/internal/pipeline/util.go:113.37,116.2 2 0
github.com/mmdemirbas/mutercim/internal/pipeline/util.go:123.51,125.25 2 58
github.com/mmdemirbas/mutercim/internal/pipeline/util.go:125.25,127.3 1 2
github.com/mmdemirbas/mutercim/internal/pipeline/util.go:127.8,127.31 1 56
github.com/mmdemirbas/mutercim/internal/pipeline/util.go:127.31,129.3 1 3
github.com/mmdemirbas/mutercim/internal/pipeline/util.go:130.2,130.49 1 58
github.com/mmdemirbas/mutercim/internal/pipeline/write.go:34.58,36.19 2 7
github.com/mmdemirbas/mutercim/internal/pipeline/write.go:36.19,38.3 1 7
github.com/mmdemirbas/mutercim/internal/pipeline/write.go:40.2,43.39 3 7
github.com/mmdemirbas/mutercim/internal/pipeline/write.go:43.39,45.3 1 0
github.com/mmdemirbas/mutercim/internal/pipeline/write.go:48.2,48.53 1 7
github.com/mmdemirbas/mutercim/internal/pipeline/write.go:48.53,51.17 3 7
github.com/mmdemirbas/mutercim/internal/pipeline/write.go:51.17,53.12 2 0
github.com/mmdemirbas/mutercim/internal/pipeline/write.go:55.3,55.23 1 7
github.com/mmdemirbas/mutercim/internal/pipeline/write.go:55.23,57.12 2 0
github.com/mmdemirbas/mutercim/internal/pipeline/write.go:60.3,60.31 1 7
github.com/mmdemirbas/mutercim/internal/pipeline/write.go:60.31,62.69 2 7
github.com/mmdemirbas/mutercim/internal/pipeline/write.go:62.69,64.5 1 1
github.com/mmdemirbas/mutercim/internal/pipeline/write.go:68.2,68.12 1 7
github.com/mmdemirbas/mutercim/internal/pipeline/write.go:71.91,73.19 2 7
github.com/mmdemirbas/mutercim/internal/pipeline/write.go:73.19,75.3 1 7
github.com/mmdemirbas/mutercim/internal/pipeline/write.go:77.2,84.17 6 7
github.com/mmdemirbas/mutercim/internal/pipeline/write.go:84.17,86.44 2 5
github.com/mmdemirbas/mutercim/internal/pipeline/write.go:86.44,88.18 2 5
github.com/mmdemirbas/mutercim/internal/pipeline/write.go:89.14,90.16 1 2
github.com/mmdemirbas/mutercim/internal/pipeline/write.go:91.17,92.17 1 2
github.com/mmdemirbas/mutercim/internal/pipeline/write.go:93.15,94.17 1 0
github.com/mmdemirbas/mutercim/internal/pipeline/write.go:95.16,96.18 1 1
github.com/mmdemirbas/mutercim/internal/pipeline/write.go:97.12,98.13 1 0
github.com/mmdemirbas/mutercim/internal/pipeline/write.go:100.4,102.58 3 5
github.com/mmdemirbas/mutercim/internal/pipeline/write.go:102.58,104.10 2 5
github.com/mmdemirbas/mutercim/internal/pipeline/write.go:107.3,107.18 1 5
github.com/mmdemirbas/mutercim/internal/pipeline/write.go:107.18,110.4 2 0
github.com/mmdemirbas/mutercim/internal/pipeline/write.go:114.2,115.16 2 7
github.com/mmdemirbas/mutercim/internal/pipeline/write.go:115.16,117.3 1 0
github.com/mmdemirbas/mutercim/internal/pipeline/write.go:118.2,118.25 1 7
github.com/mmdemirbas/mutercim/internal/pipeline/write.go:118.25,120.3 1 0
github.com/mmdemirbas/mutercim/internal/pipeline/write.go:122.2,122.25 1 7
github.com/mmdemirbas/mutercim/internal/pipeline/write.go:122.25,124.3 1 0
github.com/mmdemirbas/mutercim/internal/pipeline/write.go:126.2,127.31 2 7
github.com/mmdemirbas/mutercim/internal/pipeline/write.go:127.31,129.17 2 7
github.com/mmdemirbas/mutercim/internal/pipeline/write.go:129.17,131.12 2 0
github.com/mmdemirbas/mutercim/internal/pipeline/write.go:133.3,133.30 1 7
github.com/mmdemirbas/mutercim/internal/pipeline/write.go:136.2,136.21 1 7
github.com/mmdemirbas/mutercim/internal/pipeline/write.go:136.21,138.3 1 0
github.com/mmdemirbas/mutercim/internal/pipeline/write.go:140.2,140.40 1 7
github.com/mmdemirbas/mutercim/internal/pipeline/write.go:140.40,142.3 1 0
github.com/mmdemirbas/mutercim/internal/pipeline/write.go:145.2,145.25 1 7
github.com/mmdemirbas/mutercim/internal/pipeline/write.go:145.25,147.3 1 0
github.com/mmdemirbas/mutercim/internal/pipeline/write.go:150.2,151.43 2 7
github.com/mmdemirbas/mutercim/internal/pipeline/write.go:151.43,152.26 1 11
github.com/mmdemirbas/mutercim/internal/pipeline/write.go:152.26,157.4 1 0
github.com/mmdemirbas/mutercim/internal/pipeline/write.go:159.3,160.17 2 11
github.com/mmdemirbas/mutercim/internal/pipeline/write.go:161.13,162.67 1 3
github.com/mmdemirbas/mutercim/internal/pipeline/write.go:163.16,164.76 1 2
github.com/mmdemirbas/mutercim/internal/pipeline/write.go:165.14,166.27 1 2
github.com/mmdemirbas/mutercim/internal/pipeline/write.go:166.27,171.5 1 0
github.com/mmdemirbas/mutercim/internal/pipeline/write.go:172.4,172.75 1 2
github.com/mmdemirbas/mutercim/internal/pipeline/write.go:173.15,174.61 1 4
github.com/mmdemirbas/mutercim/internal/pipeline/write.go:175.11,177.12 2 0
github.com/mmdemirbas/mutercim/internal/pipeline/write.go:180.3,180.17 1 11
github.com/mmdemirbas/mutercim/internal/pipeline/write.go:180.17,183.4 2 2
github.com/mmdemirbas/mutercim/internal/pipeline/write.go:183.9,185.4 1 9
github.com/mmdemirbas/mutercim/internal/pipeline/write.go:188.2,188.25 1 7
github.com/mmdemirbas/mutercim/internal/pipeline/write.go:188.25,190.3 1 0
github.com/mmdemirbas/mutercim/internal/pipeline/write.go:192.2,192.25 1 7
github.com/mmdemirbas/mutercim/internal/pipeline/write.go:192.25,197.22 5 0
github.com/mmdemirbas/mutercim/internal/pipeline/write.go:197.22,199.4 1 0
github.com/mmdemirbas/mutercim/internal/pipeline/write.go:200.3,205.65 2 0
github.com/mmdemirbas/mutercim/internal/pipeline/write.go:208.2,208.24 1 7
github.com/mmdemirbas/mutercim/internal/pipeline/write.go:208.24,210.3 1 6
github.com/mmdemirbas/mutercim/internal/pipeline/write.go:213.2,219.67 2 7
github.com/mmdemirbas/mutercim/internal/pipeline/write.go:219.67,220.91 1 7
github.com/mmdemirbas/mutercim/internal/pipeline/write.go:220.91,222.4 1 0
github.com/mmdemirbas/mutercim/internal/pipeline/write.go:226.2,226.44 1 7
github.com/mmdemirbas/mutercim/internal/pipeline/write.go:226.44,228.3 1 1
github.com/mmdemirbas/mutercim/internal/pipeline/write.go:229.2,229.12 1 6
github.com/mmdemirbas/mutercim/internal/pipeline/write.go:232.156,236.53 3 3
github.com/mmdemirbas/mutercim/internal/pipeline/write.go:236.53,238.3 1 0
github.com/mmdemirbas/mutercim/internal/pipeline/write.go:239.2,239.53 1 3
github.com/mmdemirbas/mutercim/internal/pipeline/write.go:239.53,241.3 1 0
github.com/mmdemirbas/mutercim/internal/pipeline/write.go:244.2,248.68 5 3
github.com/mmdemirbas/mutercim/internal/pipeline/write.go:248.68,250.3 1 0
github.com/mmdemirbas/mutercim/internal/pipeline/write.go:251.2,257.68 5 3
github.com/mmdemirbas/mutercim/internal/pipeline/write.go:257.68,259.3 1 0
github.com/mmdemirbas/mutercim/internal/pipeline/write.go:260.2,262.12 2 3
github.com/mmdemirbas/mutercim/internal/pipeline/write.go:265.191,269.52 4 4
github.com/mmdemirbas/mutercim/internal/pipeline/write.go:269.52,271.3 1 0
github.com/mmdemirbas/mutercim/internal/pipeline/write.go:273.2,278.70 4 4
github.com/mmdemirbas/mutercim/internal/pipeline/write.go:278.70,280.3 1 0
github.com/mmdemirbas/mutercim/internal/pipeline/write.go:283.2,284.70 2 4
github.com/mmdemirbas/mutercim/internal/pipeline/write.go:284.70,286.3 1 0
github.com/mmdemirbas/mutercim/internal/pipeline/write.go:287.2,289.16 2 4
github.com/mmdemirbas/mutercim/internal/pipeline/write.go:289.16,292.111 3 2
github.com/mmdemirbas/mutercim/internal/pipeline/write.go:292.111,294.4 1 0
github.com/mmdemirbas/mutercim/internal/pipeline/write.go:297.3,300.17 4 2
github.com/mmdemirbas/mutercim/internal/pipeline/write.go:300.17,302.4 1 0
github.com/mmdemirbas/mutercim/internal/pipeline/write.go:303.3,303.60 1 2
github.com/mmdemirbas/mutercim/internal/pipeline/write.go:303.60,305.4 1 0
github.com/mmdemirbas/mutercim/internal/pipeline/write.go:306.3,306.49 1 2
github.com/mmdemirbas/mutercim/internal/pipeline/write.go:309.2,309.12 1 4
github.com/mmdemirbas/mutercim/internal/pipeline/write.go:312.136,317.43 4 4
github.com/mmdemirbas/mutercim/internal/pipeline/write.go:317.43,319.3 1 2
github.com/mmdemirbas/mutercim/internal/pipeline/write.go:321.2,321.110 1 2
github.com/mmdemirbas/mutercim/internal/pipeline/write.go:321.110,323.3 1 0
github.com/mmdemirbas/mutercim/internal/pipeline/write.go:324.2,325.12 2 2
github.com/mmdemirbas/mutercim/internal/pipeline/write.go:328.89,330.16 2 7
github.com/mmdemirbas/mutercim/internal/pipeline/write.go:330.16,332.3 1 0
github.com/mmdemirbas/mutercim/internal/pipeline/write.go:333.2,334.52 2 7
github.com/mmdemirbas/mutercim/internal/pipeline/write.go:334.52,336.3 1 0
github.com/mmdemirbas/mutercim/internal/pipeline/write.go:337.2,337.19 1 7
github.com/mmdemirbas/mutercim/internal/pipeline/write.go:340.50,342.2 1 16
